#
# There is insufficient memory for the Java Runtime Environment to continue.
# Native memory allocation (malloc) failed to allocate 32744 bytes for Chunk::new
# Possible reasons:
#   The system is out of physical RAM or swap space
#   The process is running with CompressedOops enabled, and the Java Heap may be blocking the growth of the native heap
# Possible solutions:
#   Reduce memory load on the system
#   Increase physical memory or swap space
#   Check if swap backing store is full
#   Decrease Java heap size (-Xmx/-Xms)
#   Decrease number of Java threads
#   Decrease Java thread stack sizes (-Xss)
#   Set larger code cache with -XX:ReservedCodeCacheSize=
#   JVM is running with Unscaled Compressed Oops mode in which the Java heap is
#     placed in the first 4GB address space. The Java Heap base address is the
#     maximum limit for the native heap growth. Please use -XX:HeapBaseMinAddress
#     to set the Java Heap base and to place the Java Heap above 4GB virtual address.
# This output file may be truncated or incomplete.
#
#  Out of Memory Error (arena.cpp:184), pid=21308, tid=13900
#
# JRE version: OpenJDK Runtime Environment (18.0.2.1+1) (build 18.0.2.1+1-1)
# Java VM: OpenJDK 64-Bit Server VM (18.0.2.1+1-1, mixed mode, sharing, tiered, compressed oops, compressed class ptrs, g1 gc, windows-amd64)
# No core dump will be written. Minidumps are not enabled by default on client versions of Windows
#

---------------  S U M M A R Y ------------

Command Line: -javaagent:C:\Program Files\JetBrains\IntelliJ IDEA Community Edition 2022.2\lib\idea_rt.jar=5971:C:\Program Files\JetBrains\IntelliJ IDEA Community Edition 2022.2\bin -Dfile.encoding=UTF-8 com.systemfarmer.FarmerMicroserviceApplication

Host: Intel(R) Core(TM) i3-1005G1 CPU @ 1.20GHz, 4 cores, 3G,  Windows 11 , 64 bit Build 22000 (10.0.22000.708)
Time: Thu Oct 27 09:50:09 2022 India Standard Time elapsed time: 2900.932621 seconds (0d 0h 48m 20s)

---------------  T H R E A D  ---------------

Current thread (0x000002109c8fcdd0):  JavaThread "C2 CompilerThread0" daemon [_thread_in_native, id=13900, stack(0x0000003d82e00000,0x0000003d82f00000)]


Current CompileTask:
C2:2900933 9054       4       org.springframework.boot.devtools.filewatch.FileSystemWatcher$Watcher::isDifferent (105 bytes)

Stack: [0x0000003d82e00000,0x0000003d82f00000]
Native frames: (J=compiled Java code, j=interpreted, Vv=VM code, C=native code)
V  [jvm.dll+0x6993aa]
V  [jvm.dll+0x7f46dd]
V  [jvm.dll+0x7f5fee]
V  [jvm.dll+0x7f66a3]
V  [jvm.dll+0x25cf1f]
V  [jvm.dll+0xb8c2f]
V  [jvm.dll+0xb8fa5]
V  [jvm.dll+0x679056]
V  [jvm.dll+0x835eb]
V  [jvm.dll+0x6764e6]
V  [jvm.dll+0x383137]
V  [jvm.dll+0x2ef4cf]
V  [jvm.dll+0x660321]
V  [jvm.dll+0x12a53c]
V  [jvm.dll+0x35fc56]
V  [jvm.dll+0x6b4cd6]
V  [jvm.dll+0x6b4032]
V  [jvm.dll+0x6af55d]
V  [jvm.dll+0x6a976b]
V  [jvm.dll+0x6a8da5]
V  [jvm.dll+0x6a6c5b]
V  [jvm.dll+0x1bd20c]
V  [jvm.dll+0x1bddd6]
V  [jvm.dll+0x2c7038]
V  [jvm.dll+0x6b1688]
V  [jvm.dll+0x6a976b]
V  [jvm.dll+0x6a8da5]
V  [jvm.dll+0x6a6c5b]
V  [jvm.dll+0x1bd20c]
V  [jvm.dll+0x1bddd6]
V  [jvm.dll+0x2c7038]
V  [jvm.dll+0x6b1688]
V  [jvm.dll+0x6a976b]
V  [jvm.dll+0x6a8da5]
V  [jvm.dll+0x6a6c5b]
V  [jvm.dll+0x1bd20c]
V  [jvm.dll+0x1bddd6]
V  [jvm.dll+0x2c7038]
V  [jvm.dll+0x6b1688]
V  [jvm.dll+0x6a976b]
V  [jvm.dll+0x6a8da5]
V  [jvm.dll+0x6a6c5b]
V  [jvm.dll+0x1bd20c]
V  [jvm.dll+0x22f098]
V  [jvm.dll+0x1ba01c]
V  [jvm.dll+0x23ee0a]
V  [jvm.dll+0x23d0f5]
V  [jvm.dll+0x7a6dd1]
V  [jvm.dll+0x7a120a]
V  [jvm.dll+0x698255]
C  [ucrtbase.dll+0x26c0c]
C  [KERNEL32.DLL+0x154e0]
C  [ntdll.dll+0x485b]


---------------  P R O C E S S  ---------------

Threads class SMR info:
_java_thread_list=0x00000210be0aafa0, length=44, elements={
0x000002109c8e1970, 0x000002109c8e2310, 0x000002109c8fa420, 0x000002109c8fadc0,
0x000002109c8fb760, 0x000002109c8fc100, 0x000002109c8fcdd0, 0x00000210b7a5ba50,
0x00000210b7a5eb00, 0x00000210bbc20040, 0x00000210bbff9710, 0x00000210bbf92070,
0x00000210bd702d90, 0x00000210bd7028c0, 0x00000210bd701580, 0x00000210bd7045a0,
0x00000210be10da20, 0x00000210be10aa00, 0x00000210be10b870, 0x00000210be10b3a0,
0x00000210be10bd40, 0x00000210be10a060, 0x00000210be10aed0, 0x00000210be10d550,
0x00000210be10c210, 0x00000210be10c6e0, 0x00000210be10cbb0, 0x00000210bd701f20,
0x00000210bf177540, 0x00000210bf177a10, 0x00000210bf178d50, 0x00000210bf177ee0,
0x00000210bf178880, 0x00000210bf179bc0, 0x00000210bf1783b0, 0x00000210bf179220,
0x00000210bf1796f0, 0x00000210bf1766d0, 0x00000210bf176ba0, 0x00000210bd703730,
0x00000210be0dfce0, 0x00000210be0df340, 0x00000210be0e0b50, 0x00000210be0dc7f0
}

Java Threads: ( => current thread )
  0x000002109c8e1970 JavaThread "Reference Handler" daemon [_thread_blocked, id=17724, stack(0x0000003d82800000,0x0000003d82900000)]
  0x000002109c8e2310 JavaThread "Finalizer" daemon [_thread_blocked, id=2328, stack(0x0000003d82900000,0x0000003d82a00000)]
  0x000002109c8fa420 JavaThread "Signal Dispatcher" daemon [_thread_blocked, id=19120, stack(0x0000003d82a00000,0x0000003d82b00000)]
  0x000002109c8fadc0 JavaThread "Attach Listener" daemon [_thread_blocked, id=29308, stack(0x0000003d82b00000,0x0000003d82c00000)]
  0x000002109c8fb760 JavaThread "Service Thread" daemon [_thread_blocked, id=2208, stack(0x0000003d82c00000,0x0000003d82d00000)]
  0x000002109c8fc100 JavaThread "Monitor Deflation Thread" daemon [_thread_blocked, id=21516, stack(0x0000003d82d00000,0x0000003d82e00000)]
=>0x000002109c8fcdd0 JavaThread "C2 CompilerThread0" daemon [_thread_in_native, id=13900, stack(0x0000003d82e00000,0x0000003d82f00000)]
  0x00000210b7a5ba50 JavaThread "C1 CompilerThread0" daemon [_thread_blocked, id=18180, stack(0x0000003d82f00000,0x0000003d83000000)]
  0x00000210b7a5eb00 JavaThread "Sweeper thread" daemon [_thread_blocked, id=20468, stack(0x0000003d83000000,0x0000003d83100000)]
  0x00000210bbc20040 JavaThread "Common-Cleaner" daemon [_thread_blocked, id=29480, stack(0x0000003d83100000,0x0000003d83200000)]
  0x00000210bbff9710 JavaThread "Monitor Ctrl-Break" daemon [_thread_in_native, id=25488, stack(0x0000003d83200000,0x0000003d83300000)]
  0x00000210bbf92070 JavaThread "Notification Thread" daemon [_thread_blocked, id=19832, stack(0x0000003d83300000,0x0000003d83400000)]
  0x00000210bd702d90 JavaThread "Catalina-utility-1" [_thread_blocked, id=19596, stack(0x0000003d83b00000,0x0000003d83c00000)]
  0x00000210bd7028c0 JavaThread "Catalina-utility-2" [_thread_blocked, id=29152, stack(0x0000003d83c00000,0x0000003d83d00000)]
  0x00000210bd701580 JavaThread "container-0" [_thread_blocked, id=21672, stack(0x0000003d83d00000,0x0000003d83e00000)]
  0x00000210bd7045a0 JavaThread "Thread-5" daemon [_thread_in_native, id=3164, stack(0x0000003d83e00000,0x0000003d83f00000)]
  0x00000210be10da20 JavaThread "cluster-ClusterId{value='6359fbac65a0c372be29281d', description='null'}-ac-k2reprw-shard-00-02.n6fznat.mongodb.net:27017" daemon [_thread_in_native, id=14412, stack(0x0000003d84000000,0x0000003d84100000)]
  0x00000210be10aa00 JavaThread "cluster-rtt-ClusterId{value='6359fbac65a0c372be29281d', description='null'}-ac-k2reprw-shard-00-02.n6fznat.mongodb.net:27017" daemon [_thread_blocked, id=28640, stack(0x0000003d84100000,0x0000003d84200000)]
  0x00000210be10b870 JavaThread "cluster-ClusterId{value='6359fbac65a0c372be29281d', description='null'}-ac-k2reprw-shard-00-00.n6fznat.mongodb.net:27017" daemon [_thread_in_native, id=16708, stack(0x0000003d84200000,0x0000003d84300000)]
  0x00000210be10b3a0 JavaThread "cluster-rtt-ClusterId{value='6359fbac65a0c372be29281d', description='null'}-ac-k2reprw-shard-00-00.n6fznat.mongodb.net:27017" daemon [_thread_blocked, id=21704, stack(0x0000003d84300000,0x0000003d84400000)]
  0x00000210be10bd40 JavaThread "cluster-ClusterId{value='6359fbac65a0c372be29281d', description='null'}-ac-k2reprw-shard-00-01.n6fznat.mongodb.net:27017" daemon [_thread_in_native, id=17108, stack(0x0000003d84400000,0x0000003d84500000)]
  0x00000210be10a060 JavaThread "cluster-rtt-ClusterId{value='6359fbac65a0c372be29281d', description='null'}-ac-k2reprw-shard-00-01.n6fznat.mongodb.net:27017" daemon [_thread_blocked, id=19340, stack(0x0000003d84500000,0x0000003d84600000)]
  0x00000210be10aed0 JavaThread "File Watcher" daemon [_thread_blocked, id=2712, stack(0x0000003d84700000,0x0000003d84800000)]
  0x00000210be10d550 JavaThread "spring.cloud.inetutils" daemon [_thread_blocked, id=4112, stack(0x0000003d84800000,0x0000003d84900000)]
  0x00000210be10c210 JavaThread "AsyncResolver-bootstrap-0" daemon [_thread_blocked, id=28120, stack(0x0000003d84900000,0x0000003d84a00000)]
  0x00000210be10c6e0 JavaThread "DiscoveryClient-0" daemon [_thread_blocked, id=17892, stack(0x0000003d84a00000,0x0000003d84b00000)]
  0x00000210be10cbb0 JavaThread "DiscoveryClient-1" daemon [_thread_blocked, id=28680, stack(0x0000003d84b00000,0x0000003d84c00000)]
  0x00000210bd701f20 JavaThread "DiscoveryClient-InstanceInfoReplicator-0" daemon [_thread_blocked, id=24288, stack(0x0000003d84c00000,0x0000003d84d00000)]
  0x00000210bf177540 JavaThread "http-nio-8096-Poller" daemon [_thread_in_native, id=14508, stack(0x0000003d84d00000,0x0000003d84e00000)]
  0x00000210bf177a10 JavaThread "http-nio-8096-Acceptor" daemon [_thread_in_native, id=13964, stack(0x0000003d84e00000,0x0000003d84f00000)]
  0x00000210bf178d50 JavaThread "DestroyJavaVM" [_thread_blocked, id=20812, stack(0x0000003d82100000,0x0000003d82200000)]
  0x00000210bf177ee0 JavaThread "DiscoveryClient-HeartbeatExecutor-0" daemon [_thread_blocked, id=21652, stack(0x0000003d83a00000,0x0000003d83b00000)]
  0x00000210bf178880 JavaThread "DiscoveryClient-CacheRefreshExecutor-0" daemon [_thread_blocked, id=1120, stack(0x0000003d84f00000,0x0000003d85000000)]
  0x00000210bf179bc0 JavaThread "AsyncResolver-bootstrap-executor-0" daemon [_thread_blocked, id=8844, stack(0x0000003d82000000,0x0000003d82100000)]
  0x00000210bf1783b0 JavaThread "http-nio-8096-exec-1" daemon [_thread_blocked, id=24128, stack(0x0000003d81e00000,0x0000003d81f00000)]
  0x00000210bf179220 JavaThread "http-nio-8096-exec-2" daemon [_thread_blocked, id=27592, stack(0x0000003d81f00000,0x0000003d82000000)]
  0x00000210bf1796f0 JavaThread "http-nio-8096-exec-3" daemon [_thread_blocked, id=27520, stack(0x0000003d83900000,0x0000003d83a00000)]
  0x00000210bf1766d0 JavaThread "http-nio-8096-exec-4" daemon [_thread_blocked, id=21256, stack(0x0000003d83f00000,0x0000003d84000000)]
  0x00000210bf176ba0 JavaThread "http-nio-8096-exec-5" daemon [_thread_blocked, id=18844, stack(0x0000003d84600000,0x0000003d84700000)]
  0x00000210bd703730 JavaThread "http-nio-8096-exec-6" daemon [_thread_blocked, id=27892, stack(0x0000003d85000000,0x0000003d85100000)]
  0x00000210be0dfce0 JavaThread "http-nio-8096-exec-7" daemon [_thread_blocked, id=3084, stack(0x0000003d85200000,0x0000003d85300000)]
  0x00000210be0df340 JavaThread "http-nio-8096-exec-8" daemon [_thread_blocked, id=20644, stack(0x0000003d85300000,0x0000003d85400000)]
  0x00000210be0e0b50 JavaThread "http-nio-8096-exec-9" daemon [_thread_blocked, id=19128, stack(0x0000003d85400000,0x0000003d85500000)]
  0x00000210be0dc7f0 JavaThread "http-nio-8096-exec-10" daemon [_thread_blocked, id=28932, stack(0x0000003d85500000,0x0000003d85600000)]

Other Threads:
  0x000002109c8da610 VMThread "VM Thread" [stack: 0x0000003d82700000,0x0000003d82800000] [id=21224]
  0x00000210bbec8140 WatcherThread "VM Periodic Task Thread" [stack: 0x0000003d83400000,0x0000003d83500000] [id=26880]
  0x000002109c881dd0 WorkerThread "GC Thread#0" [stack: 0x0000003d82200000,0x0000003d82300000] [id=9220]
  0x00000210bc2a43e0 WorkerThread "GC Thread#1" [stack: 0x0000003d83500000,0x0000003d83600000] [id=28464]
  0x00000210bc23e650 WorkerThread "GC Thread#2" [stack: 0x0000003d83600000,0x0000003d83700000] [id=15112]
  0x00000210bc250050 WorkerThread "GC Thread#3" [stack: 0x0000003d83700000,0x0000003d83800000] [id=6640]
  0x000002109c88a640 ConcurrentGCThread "G1 Main Marker" [stack: 0x0000003d82300000,0x0000003d82400000] [id=18040]
  0x000002109c88b030 WorkerThread "G1 Conc#0" [stack: 0x0000003d82400000,0x0000003d82500000] [id=25564]
  0x000002109c8b3500 ConcurrentGCThread "G1 Refine#0" [stack: 0x0000003d82500000,0x0000003d82600000] [id=23760]
  0x00000210bc24f550 ConcurrentGCThread "G1 Refine#1" [stack: 0x0000003d83800000,0x0000003d83900000] [id=26984]
  0x000002109c8b3cb0 ConcurrentGCThread "G1 Service" [stack: 0x0000003d82600000,0x0000003d82700000] [id=16704]

Threads with active compile tasks:
C2 CompilerThread0  2901041 9054       4       org.springframework.boot.devtools.filewatch.FileSystemWatcher$Watcher::isDifferent (105 bytes)

VM state: not at safepoint (normal execution)

VM Mutex/Monitor currently owned by a thread: None

Heap address: 0x00000000c3600000, size: 970 MB, Compressed Oops mode: 32-bit

CDS archive(s) mapped at: [0x0000000800000000-0x0000000800ba0000-0x0000000800ba0000), size 12189696, SharedBaseAddress: 0x0000000800000000, ArchiveRelocationMode: 0.
Compressed class space mapped at: 0x0000000800c00000-0x0000000840c00000, reserved size: 1073741824
Narrow klass base: 0x0000000800000000, Narrow klass shift: 0, Narrow klass range: 0x100000000

GC Precious Log:
 CardTable entry size: 512
 Card Set container configuration: InlinePtr #cards 5 size 8 Array Of Cards #cards 12 size 40 Howl #buckets 4 coarsen threshold 1843 Howl Bitmap #cards 512 size 80 coarsen threshold 460 Card regions per heap region 1 cards per card region 2048
 CPUs: 4 total, 4 available
 Memory: 3877M
 Large Page Support: Disabled
 NUMA Support: Disabled
 Compressed Oops: Enabled (32-bit)
 Heap Region Size: 1M
 Heap Min Capacity: 8M
 Heap Initial Capacity: 62M
 Heap Max Capacity: 970M
 Pre-touch: Disabled
 Parallel Workers: 4
 Concurrent Workers: 1
 Concurrent Refinement Workers: 4
 Periodic GC: Disabled

Heap:
 garbage-first heap   total 61440K, used 31976K [0x00000000c3600000, 0x0000000100000000)
  region size 1024K, 3 young (3072K), 2 survivors (2048K)
 Metaspace       used 59375K, committed 60032K, reserved 1114112K
  class space    used 7531K, committed 7872K, reserved 1048576K

Heap Regions: E=young(eden), S=young(survivor), O=old, HS=humongous(starts), HC=humongous(continues), CS=collection set, F=free, OA=open archive, CA=closed archive, TAMS=top-at-mark-start (previous, next)
|   0|0x00000000c3600000, 0x00000000c3700000, 0x00000000c3700000|100%| O|  |TAMS 0x00000000c3700000, 0x00000000c3600000| Untracked 
|   1|0x00000000c3700000, 0x00000000c3800000, 0x00000000c3800000|100%| O|  |TAMS 0x00000000c3800000, 0x00000000c3700000| Untracked 
|   2|0x00000000c3800000, 0x00000000c3900000, 0x00000000c3900000|100%| O|  |TAMS 0x00000000c3900000, 0x00000000c3800000| Untracked 
|   3|0x00000000c3900000, 0x00000000c3a00000, 0x00000000c3a00000|100%| O|  |TAMS 0x00000000c3a00000, 0x00000000c3900000| Untracked 
|   4|0x00000000c3a00000, 0x00000000c3b00000, 0x00000000c3b00000|100%| O|  |TAMS 0x00000000c3b00000, 0x00000000c3a00000| Untracked 
|   5|0x00000000c3b00000, 0x00000000c3c00000, 0x00000000c3c00000|100%| O|  |TAMS 0x00000000c3c00000, 0x00000000c3b00000| Untracked 
|   6|0x00000000c3c00000, 0x00000000c3d00000, 0x00000000c3d00000|100%| O|  |TAMS 0x00000000c3d00000, 0x00000000c3c00000| Untracked 
|   7|0x00000000c3d00000, 0x00000000c3e00000, 0x00000000c3e00000|100%| O|  |TAMS 0x00000000c3e00000, 0x00000000c3d00000| Untracked 
|   8|0x00000000c3e00000, 0x00000000c3f00000, 0x00000000c3f00000|100%| O|  |TAMS 0x00000000c3f00000, 0x00000000c3e00000| Untracked 
|   9|0x00000000c3f00000, 0x00000000c3f00000, 0x00000000c4000000|  0%| F|  |TAMS 0x00000000c3f00000, 0x00000000c3f00000| Untracked 
|  10|0x00000000c4000000, 0x00000000c4100000, 0x00000000c4100000|100%| O|  |TAMS 0x00000000c4100000, 0x00000000c4000000| Untracked 
|  11|0x00000000c4100000, 0x00000000c4200000, 0x00000000c4200000|100%| O|  |TAMS 0x00000000c4200000, 0x00000000c4100000| Untracked 
|  12|0x00000000c4200000, 0x00000000c4300000, 0x00000000c4300000|100%| O|  |TAMS 0x00000000c4300000, 0x00000000c4200000| Untracked 
|  13|0x00000000c4300000, 0x00000000c4400000, 0x00000000c4400000|100%| O|  |TAMS 0x00000000c4400000, 0x00000000c4300000| Untracked 
|  14|0x00000000c4400000, 0x00000000c4500000, 0x00000000c4500000|100%| O|  |TAMS 0x00000000c4500000, 0x00000000c4400000| Untracked 
|  15|0x00000000c4500000, 0x00000000c4500000, 0x00000000c4600000|  0%| F|  |TAMS 0x00000000c4500000, 0x00000000c4500000| Untracked 
|  16|0x00000000c4600000, 0x00000000c4700000, 0x00000000c4700000|100%| O|  |TAMS 0x00000000c4700000, 0x00000000c4600000| Untracked 
|  17|0x00000000c4700000, 0x00000000c4720200, 0x00000000c4800000| 12%| O|  |TAMS 0x00000000c4720200, 0x00000000c4700000| Untracked 
|  18|0x00000000c4800000, 0x00000000c4900000, 0x00000000c4900000|100%| O|  |TAMS 0x00000000c4900000, 0x00000000c4800000| Untracked 
|  19|0x00000000c4900000, 0x00000000c4a00000, 0x00000000c4a00000|100%| O|  |TAMS 0x00000000c4a00000, 0x00000000c4900000| Untracked 
|  20|0x00000000c4a00000, 0x00000000c4a00000, 0x00000000c4b00000|  0%| F|  |TAMS 0x00000000c4a00000, 0x00000000c4a00000| Untracked 
|  21|0x00000000c4b00000, 0x00000000c4c00000, 0x00000000c4c00000|100%| O|  |TAMS 0x00000000c4c00000, 0x00000000c4b00000| Untracked 
|  22|0x00000000c4c00000, 0x00000000c4d00000, 0x00000000c4d00000|100%| O|  |TAMS 0x00000000c4d00000, 0x00000000c4c00000| Untracked 
|  23|0x00000000c4d00000, 0x00000000c4e00000, 0x00000000c4e00000|100%| O|  |TAMS 0x00000000c4e00000, 0x00000000c4d00000| Untracked 
|  24|0x00000000c4e00000, 0x00000000c4f00000, 0x00000000c4f00000|100%| O|  |TAMS 0x00000000c4f00000, 0x00000000c4e00000| Untracked 
|  25|0x00000000c4f00000, 0x00000000c5000000, 0x00000000c5000000|100%| O|  |TAMS 0x00000000c5000000, 0x00000000c4f00000| Untracked 
|  26|0x00000000c5000000, 0x00000000c5100000, 0x00000000c5100000|100%| O|  |TAMS 0x00000000c5100000, 0x00000000c5000000| Untracked 
|  27|0x00000000c5100000, 0x00000000c5100000, 0x00000000c5200000|  0%| F|  |TAMS 0x00000000c5100000, 0x00000000c5100000| Untracked 
|  28|0x00000000c5200000, 0x00000000c5200000, 0x00000000c5300000|  0%| F|  |TAMS 0x00000000c5200000, 0x00000000c5200000| Untracked 
|  29|0x00000000c5300000, 0x00000000c5400000, 0x00000000c5400000|100%| O|  |TAMS 0x00000000c5400000, 0x00000000c5300000| Untracked 
|  30|0x00000000c5400000, 0x00000000c5500000, 0x00000000c5500000|100%| O|  |TAMS 0x00000000c5500000, 0x00000000c5400000| Complete 
|  31|0x00000000c5500000, 0x00000000c5500000, 0x00000000c5600000|  0%| F|  |TAMS 0x00000000c5500000, 0x00000000c5500000| Untracked 
|  32|0x00000000c5600000, 0x00000000c5700000, 0x00000000c5700000|100%| O|  |TAMS 0x00000000c5700000, 0x00000000c5600000| Complete 
|  33|0x00000000c5700000, 0x00000000c5800000, 0x00000000c5800000|100%| O|  |TAMS 0x00000000c5800000, 0x00000000c5700000| Untracked 
|  34|0x00000000c5800000, 0x00000000c5900000, 0x00000000c5900000|100%| O|  |TAMS 0x00000000c5900000, 0x00000000c5800000| Untracked 
|  35|0x00000000c5900000, 0x00000000c5a00000, 0x00000000c5a00000|100%| O|  |TAMS 0x00000000c5a00000, 0x00000000c5900000| Untracked 
|  36|0x00000000c5a00000, 0x00000000c5b00000, 0x00000000c5b00000|100%| O|  |TAMS 0x00000000c5b00000, 0x00000000c5a00000| Untracked 
|  37|0x00000000c5b00000, 0x00000000c5b00000, 0x00000000c5c00000|  0%| F|  |TAMS 0x00000000c5b00000, 0x00000000c5b00000| Untracked 
|  38|0x00000000c5c00000, 0x00000000c5c1a070, 0x00000000c5d00000| 10%| S|CS|TAMS 0x00000000c5c00000, 0x00000000c5c00000| Complete 
|  39|0x00000000c5d00000, 0x00000000c5d00000, 0x00000000c5e00000|  0%| F|  |TAMS 0x00000000c5d00000, 0x00000000c5d00000| Untracked 
|  40|0x00000000c5e00000, 0x00000000c5f00000, 0x00000000c5f00000|100%| S|CS|TAMS 0x00000000c5e00000, 0x00000000c5e00000| Complete 
|  41|0x00000000c5f00000, 0x00000000c5f00000, 0x00000000c6000000|  0%| F|  |TAMS 0x00000000c5f00000, 0x00000000c5f00000| Untracked 
|  42|0x00000000c6000000, 0x00000000c6000000, 0x00000000c6100000|  0%| F|  |TAMS 0x00000000c6000000, 0x00000000c6000000| Untracked 
|  43|0x00000000c6100000, 0x00000000c6100000, 0x00000000c6200000|  0%| F|  |TAMS 0x00000000c6100000, 0x00000000c6100000| Untracked 
|  44|0x00000000c6200000, 0x00000000c6200000, 0x00000000c6300000|  0%| F|  |TAMS 0x00000000c6200000, 0x00000000c6200000| Untracked 
|  45|0x00000000c6300000, 0x00000000c6300000, 0x00000000c6400000|  0%| F|  |TAMS 0x00000000c6300000, 0x00000000c6300000| Untracked 
|  46|0x00000000c6400000, 0x00000000c6400000, 0x00000000c6500000|  0%| F|  |TAMS 0x00000000c6400000, 0x00000000c6400000| Untracked 
|  47|0x00000000c6500000, 0x00000000c6500000, 0x00000000c6600000|  0%| F|  |TAMS 0x00000000c6500000, 0x00000000c6500000| Untracked 
|  48|0x00000000c6600000, 0x00000000c6600000, 0x00000000c6700000|  0%| F|  |TAMS 0x00000000c6600000, 0x00000000c6600000| Untracked 
|  49|0x00000000c6700000, 0x00000000c6700000, 0x00000000c6800000|  0%| F|  |TAMS 0x00000000c6700000, 0x00000000c6700000| Untracked 
|  50|0x00000000c6800000, 0x00000000c6800000, 0x00000000c6900000|  0%| F|  |TAMS 0x00000000c6800000, 0x00000000c6800000| Untracked 
|  51|0x00000000c6900000, 0x00000000c6900000, 0x00000000c6a00000|  0%| F|  |TAMS 0x00000000c6900000, 0x00000000c6900000| Untracked 
|  52|0x00000000c6a00000, 0x00000000c6a00000, 0x00000000c6b00000|  0%| F|  |TAMS 0x00000000c6a00000, 0x00000000c6a00000| Untracked 
|  53|0x00000000c6b00000, 0x00000000c6b00000, 0x00000000c6c00000|  0%| F|  |TAMS 0x00000000c6b00000, 0x00000000c6b00000| Untracked 
|  54|0x00000000c6c00000, 0x00000000c6c00000, 0x00000000c6d00000|  0%| F|  |TAMS 0x00000000c6c00000, 0x00000000c6c00000| Untracked 
|  55|0x00000000c6d00000, 0x00000000c6d00000, 0x00000000c6e00000|  0%| F|  |TAMS 0x00000000c6d00000, 0x00000000c6d00000| Untracked 
|  56|0x00000000c6e00000, 0x00000000c6e00000, 0x00000000c6f00000|  0%| F|  |TAMS 0x00000000c6e00000, 0x00000000c6e00000| Untracked 
|  57|0x00000000c6f00000, 0x00000000c6f00000, 0x00000000c7000000|  0%| F|  |TAMS 0x00000000c6f00000, 0x00000000c6f00000| Untracked 
|  58|0x00000000c7000000, 0x00000000c7000000, 0x00000000c7100000|  0%| F|  |TAMS 0x00000000c7000000, 0x00000000c7000000| Untracked 
|  61|0x00000000c7300000, 0x00000000c7347600, 0x00000000c7400000| 27%| E|  |TAMS 0x00000000c7300000, 0x00000000c7300000| Complete 

Card table byte_map: [0x00000210b3360000,0x00000210b3550000] _byte_map_base: 0x00000210b2d45000

Marking Bits (Prev, Next): (CMBitMap*) 0x000002109c882410, (CMBitMap*) 0x000002109c8823d0
 Prev Bits: [0x00000210b4670000, 0x00000210b5598000)
 Next Bits: [0x00000210b3740000, 0x00000210b4668000)

Polling page: 0x000002109a720000

Metaspace:

Usage:
  Non-class:     50.63 MB used.
      Class:      7.36 MB used.
       Both:     57.98 MB used.

Virtual space:
  Non-class space:       64.00 MB reserved,      50.94 MB ( 80%) committed,  1 nodes.
      Class space:        1.00 GB reserved,       7.69 MB ( <1%) committed,  1 nodes.
             Both:        1.06 GB reserved,      58.62 MB (  5%) committed. 

Chunk freelists:
   Non-Class:  225.00 KB
       Class:  461.00 KB
        Both:  686.00 KB

MaxMetaspaceSize: unlimited
CompressedClassSpaceSize: 1.00 GB
Initial GC threshold: 21.00 MB
Current GC threshold: 97.31 MB
CDS: on
MetaspaceReclaimPolicy: balanced
 - commit_granule_bytes: 65536.
 - commit_granule_words: 8192.
 - virtual_space_node_default_size: 8388608.
 - enlarge_chunks_in_place: 1.
 - new_chunks_are_fully_committed: 0.
 - uncommit_free_chunks: 1.
 - use_allocation_guard: 0.


Internal statistics:

num_allocs_failed_limit: 11.
num_arena_births: 816.
num_arena_deaths: 332.
num_vsnodes_births: 2.
num_vsnodes_deaths: 0.
num_space_committed: 938.
num_space_uncommitted: 0.
num_chunks_returned_to_freelist: 361.
num_chunks_taken_from_freelist: 2836.
num_chunk_merges: 118.
num_chunk_splits: 1926.
num_chunks_enlarged: 1529.
num_inconsistent_stats: 0.

CodeHeap 'non-profiled nmethods': size=120000Kb used=4103Kb max_used=4103Kb free=115896Kb
 bounds [0x00000210abc40000, 0x00000210ac050000, 0x00000210b3170000]
CodeHeap 'profiled nmethods': size=120000Kb used=17328Kb max_used=17328Kb free=102671Kb
 bounds [0x00000210a4710000, 0x00000210a5800000, 0x00000210abc40000]
CodeHeap 'non-nmethods': size=5760Kb used=1354Kb max_used=1398Kb free=4405Kb
 bounds [0x00000210a4170000, 0x00000210a43e0000, 0x00000210a4710000]
 total_blobs=8892 nmethods=8235 adapters=568
 compilation: enabled
              stopped_count=0, restarted_count=0
 full_count=0

Compilation events (20 events):
Event: 2849.365 Thread 0x000002109c8fcdd0 nmethod 9044 0x00000210ac041590 code [0x00000210ac041720, 0x00000210ac041b38]
Event: 2879.402 Thread 0x00000210b7a5ba50 9045       3       java.lang.Integer::parseInt (285 bytes)
Event: 2879.431 Thread 0x00000210b7a5ba50 nmethod 9045 0x00000210a57f5a90 code [0x00000210a57f5ea0, 0x00000210a57f7858]
Event: 2879.431 Thread 0x00000210b7a5ba50 9046       3       java.util.stream.SortedOps$RefSortingSink$$Lambda$501/0x0000000800f683d0::accept (11 bytes)
Event: 2879.433 Thread 0x00000210b7a5ba50 nmethod 9046 0x00000210a57f8190 code [0x00000210a57f8340, 0x00000210a57f8508]
Event: 2879.433 Thread 0x00000210b7a5ba50 9047       3       java.util.zip.GZIPInputStream::readUByte (72 bytes)
Event: 2879.439 Thread 0x00000210b7a5ba50 nmethod 9047 0x00000210a57f8610 code [0x00000210a57f88a0, 0x00000210a57f92d8]
Event: 2879.439 Thread 0x00000210b7a5ba50 9048       3       java.util.zip.CheckedInputStream::read (25 bytes)
Event: 2879.441 Thread 0x00000210b7a5ba50 nmethod 9048 0x00000210a57f9690 code [0x00000210a57f9840, 0x00000210a57f9b38]
Event: 2879.441 Thread 0x00000210b7a5ba50 9049   !   3       org.apache.http.conn.EofSensorInputStream::read (34 bytes)
Event: 2879.446 Thread 0x00000210b7a5ba50 nmethod 9049 0x00000210a57f9c90 code [0x00000210a57f9e80, 0x00000210a57fa358]
Event: 2879.446 Thread 0x00000210b7a5ba50 9050       3       org.apache.http.impl.io.ContentLengthInputStream::read (104 bytes)
Event: 2879.455 Thread 0x00000210b7a5ba50 nmethod 9050 0x00000210a57fa510 code [0x00000210a57fa740, 0x00000210a57fafe8]
Event: 2879.463 Thread 0x00000210b7a5ba50 9051       3       org.apache.http.entity.HttpEntityWrapper::isStreaming (10 bytes)
Event: 2879.466 Thread 0x00000210b7a5ba50 nmethod 9051 0x00000210a57fb290 code [0x00000210a57fb440, 0x00000210a57fb608]
Event: 2896.797 Thread 0x00000210b7a5ba50 9052       3       org.apache.http.impl.io.SessionOutputBufferImpl::flush (9 bytes)
Event: 2896.803 Thread 0x00000210b7a5ba50 nmethod 9052 0x00000210a57fb710 code [0x00000210a57fb8c0, 0x00000210a57fbb78]
Event: 2896.803 Thread 0x00000210b7a5ba50 9053       3       org.apache.http.impl.io.SessionOutputBufferImpl::flushStream (15 bytes)
Event: 2896.804 Thread 0x00000210b7a5ba50 nmethod 9053 0x00000210a57fbc90 code [0x00000210a57fbe40, 0x00000210a57fc048]
Event: 2900.766 Thread 0x000002109c8fcdd0 9054       4       org.springframework.boot.devtools.filewatch.FileSystemWatcher$Watcher::isDifferent (105 bytes)

GC Heap History (20 events):
Event: 337.813 GC heap before
{Heap before GC invocations=21 (full 0):
 garbage-first heap   total 61440K, used 49116K [0x00000000c3600000, 0x0000000100000000)
  region size 1024K, 17 young (17408K), 2 survivors (2048K)
 Metaspace       used 56067K, committed 56640K, reserved 1114112K
  class space    used 7268K, committed 7552K, reserved 1048576K
}
Event: 337.884 GC heap after
{Heap after GC invocations=22 (full 0):
 garbage-first heap   total 61440K, used 33951K [0x00000000c3600000, 0x0000000100000000)
  region size 1024K, 2 young (2048K), 2 survivors (2048K)
 Metaspace       used 56067K, committed 56640K, reserved 1114112K
  class space    used 7268K, committed 7552K, reserved 1048576K
}
Event: 787.751 GC heap before
{Heap before GC invocations=22 (full 0):
 garbage-first heap   total 61440K, used 49311K [0x00000000c3600000, 0x0000000100000000)
  region size 1024K, 17 young (17408K), 2 survivors (2048K)
 Metaspace       used 56286K, committed 56832K, reserved 1114112K
  class space    used 7268K, committed 7552K, reserved 1048576K
}
Event: 787.851 GC heap after
{Heap after GC invocations=23 (full 0):
 garbage-first heap   total 61440K, used 34061K [0x00000000c3600000, 0x0000000100000000)
  region size 1024K, 1 young (1024K), 1 survivors (1024K)
 Metaspace       used 56286K, committed 56832K, reserved 1114112K
  class space    used 7268K, committed 7552K, reserved 1048576K
}
Event: 931.023 GC heap before
{Heap before GC invocations=24 (full 0):
 garbage-first heap   total 61440K, used 49421K [0x00000000c3600000, 0x0000000100000000)
  region size 1024K, 17 young (17408K), 1 survivors (1024K)
 Metaspace       used 59042K, committed 59648K, reserved 1114112K
  class space    used 7584K, committed 7872K, reserved 1048576K
}
Event: 931.054 GC heap after
{Heap after GC invocations=25 (full 0):
 garbage-first heap   total 61440K, used 34781K [0x00000000c3600000, 0x0000000100000000)
  region size 1024K, 2 young (2048K), 2 survivors (2048K)
 Metaspace       used 59042K, committed 59648K, reserved 1114112K
  class space    used 7584K, committed 7872K, reserved 1048576K
}
Event: 960.105 GC heap before
{Heap before GC invocations=25 (full 0):
 garbage-first heap   total 61440K, used 35805K [0x00000000c3600000, 0x0000000100000000)
  region size 1024K, 3 young (3072K), 2 survivors (2048K)
 Metaspace       used 59052K, committed 59648K, reserved 1114112K
  class space    used 7584K, committed 7872K, reserved 1048576K
}
Event: 960.153 GC heap after
{Heap after GC invocations=26 (full 0):
 garbage-first heap   total 61440K, used 33769K [0x00000000c3600000, 0x0000000100000000)
  region size 1024K, 1 young (1024K), 1 survivors (1024K)
 Metaspace       used 59052K, committed 59648K, reserved 1114112K
  class space    used 7584K, committed 7872K, reserved 1048576K
}
Event: 1348.618 GC heap before
{Heap before GC invocations=26 (full 0):
 garbage-first heap   total 61440K, used 50153K [0x00000000c3600000, 0x0000000100000000)
  region size 1024K, 17 young (17408K), 1 survivors (1024K)
 Metaspace       used 59200K, committed 59776K, reserved 1114112K
  class space    used 7584K, committed 7872K, reserved 1048576K
}
Event: 1348.716 GC heap after
{Heap after GC invocations=27 (full 0):
 garbage-first heap   total 61440K, used 33829K [0x00000000c3600000, 0x0000000100000000)
  region size 1024K, 1 young (1024K), 1 survivors (1024K)
 Metaspace       used 59200K, committed 59776K, reserved 1114112K
  class space    used 7584K, committed 7872K, reserved 1048576K
}
Event: 1825.606 GC heap before
{Heap before GC invocations=28 (full 0):
 garbage-first heap   total 61440K, used 50213K [0x00000000c3600000, 0x0000000100000000)
  region size 1024K, 18 young (18432K), 1 survivors (1024K)
 Metaspace       used 58965K, committed 59776K, reserved 1114112K
  class space    used 7508K, committed 7872K, reserved 1048576K
}
Event: 1825.709 GC heap after
{Heap after GC invocations=29 (full 0):
 garbage-first heap   total 61440K, used 34086K [0x00000000c3600000, 0x0000000100000000)
  region size 1024K, 1 young (1024K), 1 survivors (1024K)
 Metaspace       used 58965K, committed 59776K, reserved 1114112K
  class space    used 7508K, committed 7872K, reserved 1048576K
}
Event: 1882.665 GC heap before
{Heap before GC invocations=29 (full 0):
 garbage-first heap   total 61440K, used 36134K [0x00000000c3600000, 0x0000000100000000)
  region size 1024K, 3 young (3072K), 1 survivors (1024K)
 Metaspace       used 58967K, committed 59776K, reserved 1114112K
  class space    used 7508K, committed 7872K, reserved 1048576K
}
Event: 1882.790 GC heap after
{Heap after GC invocations=30 (full 0):
 garbage-first heap   total 61440K, used 31736K [0x00000000c3600000, 0x0000000100000000)
  region size 1024K, 1 young (1024K), 1 survivors (1024K)
 Metaspace       used 58967K, committed 59776K, reserved 1114112K
  class space    used 7508K, committed 7872K, reserved 1048576K
}
Event: 1937.082 GC heap before
{Heap before GC invocations=30 (full 0):
 garbage-first heap   total 61440K, used 33784K [0x00000000c3600000, 0x0000000100000000)
  region size 1024K, 3 young (3072K), 1 survivors (1024K)
 Metaspace       used 58981K, committed 59776K, reserved 1114112K
  class space    used 7508K, committed 7872K, reserved 1048576K
}
Event: 1937.215 GC heap after
{Heap after GC invocations=31 (full 0):
 garbage-first heap   total 61440K, used 31388K [0x00000000c3600000, 0x0000000100000000)
  region size 1024K, 1 young (1024K), 1 survivors (1024K)
 Metaspace       used 58981K, committed 59776K, reserved 1114112K
  class space    used 7508K, committed 7872K, reserved 1048576K
}
Event: 2371.244 GC heap before
{Heap before GC invocations=31 (full 0):
 garbage-first heap   total 61440K, used 50844K [0x00000000c3600000, 0x0000000100000000)
  region size 1024K, 20 young (20480K), 1 survivors (1024K)
 Metaspace       used 59064K, committed 59776K, reserved 1114112K
  class space    used 7511K, committed 7872K, reserved 1048576K
}
Event: 2371.329 GC heap after
{Heap after GC invocations=32 (full 0):
 garbage-first heap   total 61440K, used 31253K [0x00000000c3600000, 0x0000000100000000)
  region size 1024K, 1 young (1024K), 1 survivors (1024K)
 Metaspace       used 59064K, committed 59776K, reserved 1114112K
  class space    used 7511K, committed 7872K, reserved 1048576K
}
Event: 2896.227 GC heap before
{Heap before GC invocations=33 (full 0):
 garbage-first heap   total 61440K, used 49685K [0x00000000c3600000, 0x0000000100000000)
  region size 1024K, 20 young (20480K), 1 survivors (1024K)
 Metaspace       used 59374K, committed 60032K, reserved 1114112K
  class space    used 7531K, committed 7872K, reserved 1048576K
}
Event: 2896.397 GC heap after
{Heap after GC invocations=34 (full 0):
 garbage-first heap   total 61440K, used 31976K [0x00000000c3600000, 0x0000000100000000)
  region size 1024K, 2 young (2048K), 2 survivors (2048K)
 Metaspace       used 59374K, committed 60032K, reserved 1114112K
  class space    used 7531K, committed 7872K, reserved 1048576K
}

Deoptimization events (20 events):
Event: 2740.842 Thread 0x00000210bf1766d0 DEOPT PACKING pc=0x00000210abfcda78 sp=0x0000003d83ffbd00
Event: 2740.843 Thread 0x00000210bf1766d0 DEOPT UNPACKING pc=0x00000210a41c5c23 sp=0x0000003d83ffbc50 mode 2
Event: 2740.843 Thread 0x00000210bf1766d0 Uncommon trap: trap_request=0xffffff45 fr.pc=0x00000210abf97ca4 relative=0x00000000000002e4
Event: 2740.843 Thread 0x00000210bf1766d0 Uncommon trap: reason=unstable_if action=reinterpret pc=0x00000210abf97ca4 method=java.util.Optional.orElseThrow(Ljava/util/function/Supplier;)Ljava/lang/Object; @ 4 c2
Event: 2740.843 Thread 0x00000210bf1766d0 DEOPT PACKING pc=0x00000210abf97ca4 sp=0x0000003d83ffb9b0
Event: 2740.844 Thread 0x00000210bf1766d0 DEOPT UNPACKING pc=0x00000210a41c5c23 sp=0x0000003d83ffb8f8 mode 2
Event: 2740.862 Thread 0x00000210bf1766d0 Uncommon trap: trap_request=0xffffff54 fr.pc=0x00000210abd8e860 relative=0x00000000000002c0
Event: 2740.862 Thread 0x00000210bf1766d0 Uncommon trap: reason=speculate_null_assert action=make_not_entrant pc=0x00000210abd8e860 method=org.springframework.util.ConcurrentReferenceHashMap$Segment.restructureIfNecessary(Z)V @ 41 c2
Event: 2740.862 Thread 0x00000210bf1766d0 DEOPT PACKING pc=0x00000210abd8e860 sp=0x0000003d83ffc670
Event: 2740.867 Thread 0x00000210bf1766d0 DEOPT UNPACKING pc=0x00000210a41c5c23 sp=0x0000003d83ffc5a8 mode 2
Event: 2741.160 Thread 0x00000210bf1766d0 Uncommon trap: trap_request=0xfffffff4 fr.pc=0x00000210abd6c09c relative=0x000000000000081c
Event: 2741.161 Thread 0x00000210bf1766d0 Uncommon trap: reason=null_check action=make_not_entrant pc=0x00000210abd6c09c method=java.lang.Class.reflectionData()Ljava/lang/Class$ReflectionData; @ 18 c2
Event: 2741.161 Thread 0x00000210bf1766d0 DEOPT PACKING pc=0x00000210abd6c09c sp=0x0000003d83ffc490
Event: 2741.161 Thread 0x00000210bf1766d0 DEOPT UNPACKING pc=0x00000210a41c5c23 sp=0x0000003d83ffc3e8 mode 2
Event: 2744.435 Thread 0x00000210bf177ee0 DEOPT PACKING pc=0x00000210a545d446 sp=0x0000003d83afde60
Event: 2744.435 Thread 0x00000210bf177ee0 DEOPT UNPACKING pc=0x00000210a41c6763 sp=0x0000003d83afd348 mode 0
Event: 2784.119 Thread 0x00000210bd7028c0 Uncommon trap: trap_request=0xffffff76 fr.pc=0x00000210ac02d824 relative=0x0000000000000204
Event: 2784.119 Thread 0x00000210bd7028c0 Uncommon trap: reason=predicate action=maybe_recompile pc=0x00000210ac02d824 method=java.util.HashMap.valuesToArray([Ljava/lang/Object;)[Ljava/lang/Object; @ 48 c2
Event: 2784.119 Thread 0x00000210bd7028c0 DEOPT PACKING pc=0x00000210ac02d824 sp=0x0000003d83cfecc0
Event: 2784.119 Thread 0x00000210bd7028c0 DEOPT UNPACKING pc=0x00000210a41c5c23 sp=0x0000003d83cfec68 mode 2

Classes loaded (20 events):
Event: 909.521 Loading class sun/security/ssl/PreSharedKeyExtension$PartialClientHelloMessage
Event: 909.521 Loading class sun/security/ssl/PreSharedKeyExtension$PartialClientHelloMessage done
Event: 909.521 Loading class sun/security/ssl/SSLEngineOutputRecord
Event: 909.523 Loading class sun/security/ssl/SSLEngineOutputRecord done
Event: 909.527 Loading class sun/security/ssl/SSLEngineOutputRecord$HandshakeFragment
Event: 909.528 Loading class sun/security/ssl/SSLEngineOutputRecord$HandshakeFragment done
Event: 909.529 Loading class sun/security/ssl/SSLEngineOutputRecord$HandshakeMemo
Event: 909.529 Loading class sun/security/ssl/SSLEngineOutputRecord$RecordMemo
Event: 909.529 Loading class sun/security/ssl/SSLEngineOutputRecord$RecordMemo done
Event: 909.530 Loading class sun/security/ssl/SSLEngineOutputRecord$HandshakeMemo done
Event: 909.727 Loading class sun/security/ssl/PreSharedKeyExtension$SHPreSharedKeySpec
Event: 909.727 Loading class sun/security/ssl/PreSharedKeyExtension$SHPreSharedKeySpec done
Event: 910.146 Loading class com/sun/crypto/provider/HmacSHA1
Event: 910.147 Loading class com/sun/crypto/provider/HmacSHA1 done
Event: 2022.124 Loading class sun/security/ssl/Alert
Event: 2022.243 Loading class sun/security/ssl/Alert done
Event: 2022.263 Loading class sun/security/ssl/Alert$AlertConsumer
Event: 2022.281 Loading class sun/security/ssl/Alert$AlertConsumer done
Event: 2022.282 Loading class sun/security/ssl/Alert$Level
Event: 2022.288 Loading class sun/security/ssl/Alert$Level done

Classes unloaded (20 events):
Event: 1349.334 Thread 0x000002109c8da610 Unloading class 0x0000000800d0d000 'java/lang/invoke/LambdaForm$MH+0x0000000800d0d000'
Event: 1349.334 Thread 0x000002109c8da610 Unloading class 0x0000000800d0cc00 'java/lang/invoke/LambdaForm$MH+0x0000000800d0cc00'
Event: 1349.335 Thread 0x000002109c8da610 Unloading class 0x0000000800d06800 'java/lang/invoke/LambdaForm$MH+0x0000000800d06800'
Event: 1349.335 Thread 0x000002109c8da610 Unloading class 0x0000000800d05c00 'java/lang/invoke/LambdaForm$MH+0x0000000800d05c00'
Event: 1349.335 Thread 0x000002109c8da610 Unloading class 0x0000000800c81c00 'java/lang/invoke/LambdaForm$MH+0x0000000800c81c00'
Event: 1349.335 Thread 0x000002109c8da610 Unloading class 0x0000000800c81800 'java/lang/invoke/LambdaForm$MH+0x0000000800c81800'
Event: 1349.335 Thread 0x000002109c8da610 Unloading class 0x0000000800c81400 'java/lang/invoke/LambdaForm$MH+0x0000000800c81400'
Event: 1349.335 Thread 0x000002109c8da610 Unloading class 0x0000000800c10000 'java/lang/invoke/LambdaForm$MH+0x0000000800c10000'
Event: 1349.336 Thread 0x000002109c8da610 Unloading class 0x0000000800c02400 'java/lang/invoke/LambdaForm$MH+0x0000000800c02400'
Event: 1349.336 Thread 0x000002109c8da610 Unloading class 0x0000000800c02000 'java/lang/invoke/LambdaForm$MH+0x0000000800c02000'
Event: 1349.336 Thread 0x000002109c8da610 Unloading class 0x0000000800c01c00 'java/lang/invoke/LambdaForm$MH+0x0000000800c01c00'
Event: 1349.336 Thread 0x000002109c8da610 Unloading class 0x0000000800c01400 'java/lang/invoke/LambdaForm$MH+0x0000000800c01400'
Event: 2371.839 Thread 0x000002109c8da610 Unloading class 0x00000008013a8800 'java/lang/invoke/LambdaForm$MH+0x00000008013a8800'
Event: 2371.839 Thread 0x000002109c8da610 Unloading class 0x00000008013a8400 'java/lang/invoke/LambdaForm$BMH+0x00000008013a8400'
Event: 2371.843 Thread 0x000002109c8da610 Unloading class 0x00000008013a5c00 'java/lang/invoke/LambdaForm$MH+0x00000008013a5c00'
Event: 2371.843 Thread 0x000002109c8da610 Unloading class 0x00000008013a5800 'java/lang/invoke/LambdaForm$BMH+0x00000008013a5800'
Event: 2371.843 Thread 0x000002109c8da610 Unloading class 0x00000008013a4c00 'java/lang/invoke/LambdaForm$BMH+0x00000008013a4c00'
Event: 2371.843 Thread 0x000002109c8da610 Unloading class 0x0000000801314800 'java/lang/invoke/LambdaForm$MH+0x0000000801314800'
Event: 2371.846 Thread 0x000002109c8da610 Unloading class 0x0000000800fc4000 'java/lang/invoke/LambdaForm$MH+0x0000000800fc4000'
Event: 2371.847 Thread 0x000002109c8da610 Unloading class 0x0000000800fb4000 'java/lang/invoke/LambdaForm$MH+0x0000000800fb4000'

Classes redefined (0 events):
No events

Internal exceptions (20 events):
Event: 10.586 Thread 0x00000210bca6d000 Implicit null exception at 0x00000210abd415a1 to 0x00000210abd4180c
Event: 11.168 Thread 0x00000210bca6d000 Exception <a 'java/lang/NoSuchMethodError'{0x00000000c69f0528}: 'long java.lang.invoke.DirectMethodHandle$Holder.invokeStatic(java.lang.Object, java.lang.Object, int)'> (0x00000000c69f0528) 
thrown [s\open\src\hotspot\share\interpreter\linkResolver.cpp, line 759]
Event: 11.170 Thread 0x00000210bca6d000 Exception <a 'java/lang/NoSuchMethodError'{0x00000000c69ff398}: 'java.lang.Object java.lang.invoke.DelegatingMethodHandle$Holder.reinvoke_L(java.lang.Object, int, int, long, java.lang.Object, long, long, long)'> (0x00000000c69ff398) 
thrown [s\open\src\hotspot\share\interpreter\linkResolver.cpp, line 759]
Event: 11.173 Thread 0x00000210bca6d000 Exception <a 'java/lang/NoSuchMethodError'{0x00000000c6825678}: 'java.lang.Object java.lang.invoke.DelegatingMethodHandle$Holder.reinvoke_L(java.lang.Object, java.lang.Object, java.lang.Object, java.lang.Object, java.lang.Object, java.lang.Object, java.lang.Object, java.lang.Object, java.lang.Object, java.lang.Object, java.lang.Object, java.lang.Object, java.lang.Object, java.lang.Object, int, java.lang.Object, java.lang.Object, java.lang.Object, java.lang.Object, java.lang.Object, java.lang.Object, java.l
Event: 11.177 Thread 0x00000210bca6d000 Exception <a 'java/lang/NoSuchMethodError'{0x00000000c687ec38}: 'java.lang.Object java.lang.invoke.DelegatingMethodHandle$Holder.reinvoke_L(java.lang.Object, java.lang.Object, java.lang.Object, java.lang.Object, java.lang.Object, java.lang.Object, java.lang.Object, java.lang.Object, java.lang.Object, java.lang.Object, java.lang.Object, java.lang.Object, java.lang.Object, java.lang.Object, java.lang.Object, java.lang.Object, java.lang.Object, java.lang.Object, java.lang.Object, java.lang.Object, java.lang.O
Event: 11.606 Thread 0x00000210bca6d000 Implicit null exception at 0x00000210abc7853a to 0x00000210abc78c3c
Event: 910.896 Thread 0x00000210bd703730 Exception <a 'java/lang/NoSuchMethodError'{0x00000000c64e5fa0}: 'void java.lang.invoke.Invokers$Holder.invoke_MT(java.lang.Object, java.lang.Object, java.lang.Object, java.lang.Object)'> (0x00000000c64e5fa0) 
thrown [s\open\src\hotspot\share\interpreter\linkResolver.cpp, line 759]
Event: 910.905 Thread 0x00000210bd703730 Implicit null exception at 0x00000210abcc684b to 0x00000210abcc6974
Event: 910.911 Thread 0x00000210bd703730 Exception <a 'java/lang/NoSuchMethodError'{0x00000000c64f9270}: 'double java.lang.invoke.DelegatingMethodHandle$Holder.reinvoke_L(java.lang.Object, java.lang.Object, int)'> (0x00000000c64f9270) 
thrown [s\open\src\hotspot\share\interpreter\linkResolver.cpp, line 759]
Event: 910.917 Thread 0x00000210bd703730 Exception <a 'java/lang/NoSuchMethodError'{0x00000000c63041c0}: 'void java.lang.invoke.DelegatingMethodHandle$Holder.reinvoke_L(java.lang.Object, java.lang.Object, double)'> (0x00000000c63041c0) 
thrown [s\open\src\hotspot\share\interpreter\linkResolver.cpp, line 759]
Event: 911.018 Thread 0x00000210bd703730 Exception <a 'java/lang/NoSuchMethodError'{0x00000000c6356e28}: 'double java.lang.invoke.DirectMethodHandle$Holder.invokeVirtual(java.lang.Object, java.lang.Object)'> (0x00000000c6356e28) 
thrown [s\open\src\hotspot\share\interpreter\linkResolver.cpp, line 759]
Event: 911.019 Thread 0x00000210bd703730 Exception <a 'java/lang/NoSuchMethodError'{0x00000000c635b430}: 'double java.lang.invoke.DelegatingMethodHandle$Holder.reinvoke_L(java.lang.Object, java.lang.Object)'> (0x00000000c635b430) 
thrown [s\open\src\hotspot\share\interpreter\linkResolver.cpp, line 759]
Event: 1349.901 Thread 0x000002109c8e2310 Exception <a 'java/net/SocketException'{0x00000000c730aac0}: Connection reset by peer: shutdown> (0x00000000c730aac0) 
thrown [s\open\src\hotspot\share\prims\jni.cpp, line 535]
Event: 1492.583 Thread 0x00000210bf178880 Implicit null exception at 0x00000210abdd4463 to 0x00000210abdd4535
Event: 1492.596 Thread 0x00000210bf178880 Implicit null exception at 0x00000210abcde912 to 0x00000210abcdec0e
Event: 2371.333 Thread 0x000002109c8e2310 Exception <a 'java/net/SocketException'{0x00000000c73258c8}: Connection reset by peer: shutdown> (0x00000000c73258c8) 
thrown [s\open\src\hotspot\share\prims\jni.cpp, line 535]
Event: 2372.352 Thread 0x000002109c8e2310 Exception <a 'java/net/SocketException'{0x00000000c7325fb8}: Connection reset by peer: shutdown> (0x00000000c7325fb8) 
thrown [s\open\src\hotspot\share\prims\jni.cpp, line 535]
Event: 2740.346 Thread 0x00000210bf1766d0 Implicit null exception at 0x00000210abe3fe6d to 0x00000210abe455dc
Event: 2740.843 Thread 0x00000210bf1766d0 Implicit null exception at 0x00000210abf97b1b to 0x00000210abf97c90
Event: 2741.160 Thread 0x00000210bf1766d0 Implicit null exception at 0x00000210abd6b8d0 to 0x00000210abd6c088

VM Operations (20 events):
Event: 2744.674 Executing VM operation: Cleanup
Event: 2744.674 Executing VM operation: Cleanup done
Event: 2764.797 Executing VM operation: Cleanup
Event: 2764.797 Executing VM operation: Cleanup done
Event: 2784.942 Executing VM operation: Cleanup
Event: 2784.943 Executing VM operation: Cleanup done
Event: 2813.150 Executing VM operation: Cleanup
Event: 2813.150 Executing VM operation: Cleanup done
Event: 2819.186 Executing VM operation: Cleanup
Event: 2819.186 Executing VM operation: Cleanup done
Event: 2842.381 Executing VM operation: Cleanup
Event: 2842.381 Executing VM operation: Cleanup done
Event: 2843.387 Executing VM operation: Cleanup
Event: 2843.387 Executing VM operation: Cleanup done
Event: 2844.396 Executing VM operation: Cleanup
Event: 2844.396 Executing VM operation: Cleanup done
Event: 2865.559 Executing VM operation: Cleanup
Event: 2865.564 Executing VM operation: Cleanup done
Event: 2896.223 Executing VM operation: G1CollectForAllocation
Event: 2896.403 Executing VM operation: G1CollectForAllocation done

Events (20 events):
Event: 11.779 Thread 0x00000210bca6d000 Thread exited: 0x00000210bca6d000
Event: 11.782 Thread 0x00000210bcb2c210 Thread exited: 0x00000210bcb2c210
Event: 11.782 Thread 0x000002109c841210 Thread exited: 0x000002109c841210
Event: 11.782 Thread 0x00000210bf178d50 Thread added: 0x00000210bf178d50
Event: 41.197 Thread 0x00000210bf177ee0 Thread added: 0x00000210bf177ee0
Event: 41.197 Thread 0x00000210bf178880 Thread added: 0x00000210bf178880
Event: 68.373 Thread 0x00000210bd703730 Thread exited: 0x00000210bd703730
Event: 310.751 Thread 0x00000210bf179bc0 Thread added: 0x00000210bf179bc0
Event: 850.710 Thread 0x00000210bf1783b0 Thread added: 0x00000210bf1783b0
Event: 850.710 Thread 0x00000210bf179220 Thread added: 0x00000210bf179220
Event: 851.020 Thread 0x00000210b7a5eb00 flushing nmethod 0x00000210abde2910
Event: 851.186 Thread 0x00000210b7a5eb00 flushing nmethod 0x00000210a4f51290
Event: 864.354 Thread 0x00000210bf1796f0 Thread added: 0x00000210bf1796f0
Event: 865.704 Thread 0x00000210bf1766d0 Thread added: 0x00000210bf1766d0
Event: 865.705 Thread 0x00000210bf176ba0 Thread added: 0x00000210bf176ba0
Event: 908.209 Thread 0x00000210bd703730 Thread added: 0x00000210bd703730
Event: 911.711 Thread 0x00000210be0dfce0 Thread added: 0x00000210be0dfce0
Event: 914.845 Thread 0x00000210be0df340 Thread added: 0x00000210be0df340
Event: 916.716 Thread 0x00000210be0e0b50 Thread added: 0x00000210be0e0b50
Event: 929.734 Thread 0x00000210be0dc7f0 Thread added: 0x00000210be0dc7f0


Dynamic libraries:
0x00007ff641500000 - 0x00007ff64150e000 	C:\Users\ADMIN\.jdks\openjdk-18.0.2.1\bin\java.exe
0x00007ff91e600000 - 0x00007ff91e809000 	C:\WINDOWS\SYSTEM32\ntdll.dll
0x00007ff91dad0000 - 0x00007ff91db8d000 	C:\WINDOWS\System32\KERNEL32.DLL
0x00007ff91bd80000 - 0x00007ff91c0fc000 	C:\WINDOWS\System32\KERNELBASE.dll
0x00007ff91c1a0000 - 0x00007ff91c2b1000 	C:\WINDOWS\System32\ucrtbase.dll
0x00007ff904810000 - 0x00007ff904827000 	C:\Users\ADMIN\.jdks\openjdk-18.0.2.1\bin\jli.dll
0x00007ff902d80000 - 0x00007ff902d9a000 	C:\Users\ADMIN\.jdks\openjdk-18.0.2.1\bin\VCRUNTIME140.dll
0x00007ff91e220000 - 0x00007ff91e3cd000 	C:\WINDOWS\System32\USER32.dll
0x00007ff91c340000 - 0x00007ff91c366000 	C:\WINDOWS\System32\win32u.dll
0x00007ff91e590000 - 0x00007ff91e5b9000 	C:\WINDOWS\System32\GDI32.dll
0x00007ff91c370000 - 0x00007ff91c489000 	C:\WINDOWS\System32\gdi32full.dll
0x00007ff91c100000 - 0x00007ff91c19d000 	C:\WINDOWS\System32\msvcp_win.dll
0x00007ff9079e0000 - 0x00007ff907c85000 	C:\WINDOWS\WinSxS\amd64_microsoft.windows.common-controls_6595b64144ccf1df_6.0.22000.120_none_9d947278b86cc467\COMCTL32.dll
0x00007ff91e430000 - 0x00007ff91e4d3000 	C:\WINDOWS\System32\msvcrt.dll
0x00007ff91de40000 - 0x00007ff91de71000 	C:\WINDOWS\System32\IMM32.DLL
0x00007ff918040000 - 0x00007ff91804c000 	C:\Users\ADMIN\.jdks\openjdk-18.0.2.1\bin\vcruntime140_1.dll
0x00007ff8f44a0000 - 0x00007ff8f452d000 	C:\Users\ADMIN\.jdks\openjdk-18.0.2.1\bin\msvcp140.dll
0x00007ff8dcb90000 - 0x00007ff8dd7a1000 	C:\Users\ADMIN\.jdks\openjdk-18.0.2.1\bin\server\jvm.dll
0x00007ff91dc40000 - 0x00007ff91dcee000 	C:\WINDOWS\System32\ADVAPI32.dll
0x00007ff91e4f0000 - 0x00007ff91e58e000 	C:\WINDOWS\System32\sechost.dll
0x00007ff91d9b0000 - 0x00007ff91dad0000 	C:\WINDOWS\System32\RPCRT4.dll
0x00007ff91e0c0000 - 0x00007ff91e0c8000 	C:\WINDOWS\System32\PSAPI.DLL
0x00007ff8fd9b0000 - 0x00007ff8fd9b9000 	C:\WINDOWS\SYSTEM32\WSOCK32.dll
0x00007ff91dcf0000 - 0x00007ff91dd5f000 	C:\WINDOWS\System32\WS2_32.dll
0x00007ff9142a0000 - 0x00007ff9142d3000 	C:\WINDOWS\SYSTEM32\WINMM.dll
0x00007ff90e9a0000 - 0x00007ff90e9aa000 	C:\WINDOWS\SYSTEM32\VERSION.dll
0x00007ff91abd0000 - 0x00007ff91abe8000 	C:\WINDOWS\SYSTEM32\kernel.appcore.dll
0x00007ff905db0000 - 0x00007ff905dba000 	C:\Users\ADMIN\.jdks\openjdk-18.0.2.1\bin\jimage.dll
0x00007ff919880000 - 0x00007ff919aa1000 	C:\WINDOWS\SYSTEM32\DBGHELP.DLL
0x00007ff900300000 - 0x00007ff900331000 	C:\WINDOWS\SYSTEM32\dbgcore.DLL
0x00007ff91c2c0000 - 0x00007ff91c33f000 	C:\WINDOWS\System32\bcryptPrimitives.dll
0x00007ff915210000 - 0x00007ff91521e000 	C:\Users\ADMIN\.jdks\openjdk-18.0.2.1\bin\instrument.dll
0x00007ff902d50000 - 0x00007ff902d75000 	C:\Users\ADMIN\.jdks\openjdk-18.0.2.1\bin\java.dll
0x00007ff8f43c0000 - 0x00007ff8f4496000 	C:\Users\ADMIN\.jdks\openjdk-18.0.2.1\bin\jsvml.dll
0x00007ff91d040000 - 0x00007ff91d7f8000 	C:\WINDOWS\System32\SHELL32.dll
0x00007ff919c40000 - 0x00007ff91a4a8000 	C:\WINDOWS\SYSTEM32\windows.storage.dll
0x00007ff91cc00000 - 0x00007ff91cf79000 	C:\WINDOWS\System32\combase.dll
0x00007ff919ad0000 - 0x00007ff919c36000 	C:\WINDOWS\SYSTEM32\wintypes.dll
0x00007ff91e0d0000 - 0x00007ff91e1ba000 	C:\WINDOWS\System32\SHCORE.dll
0x00007ff91e1c0000 - 0x00007ff91e21d000 	C:\WINDOWS\System32\shlwapi.dll
0x00007ff91ba10000 - 0x00007ff91ba31000 	C:\WINDOWS\SYSTEM32\profapi.dll
0x00007ff8fea40000 - 0x00007ff8fea58000 	C:\Users\ADMIN\.jdks\openjdk-18.0.2.1\bin\zip.dll
0x00007ff902650000 - 0x00007ff902663000 	C:\Users\ADMIN\.jdks\openjdk-18.0.2.1\bin\net.dll
0x00007ff915650000 - 0x00007ff91575c000 	C:\WINDOWS\SYSTEM32\WINHTTP.dll
0x00007ff91b000000 - 0x00007ff91b067000 	C:\WINDOWS\system32\mswsock.dll
0x00007ff8fea60000 - 0x00007ff8fea76000 	C:\Users\ADMIN\.jdks\openjdk-18.0.2.1\bin\nio.dll
0x00007ff8f6780000 - 0x00007ff8f679a000 	C:\Program Files\JetBrains\IntelliJ IDEA Community Edition 2022.2\bin\breakgen64.dll
0x00007ff902640000 - 0x00007ff902650000 	C:\Users\ADMIN\.jdks\openjdk-18.0.2.1\bin\verify.dll
0x00007ff9144c0000 - 0x00007ff9144c9000 	C:\Users\ADMIN\.jdks\openjdk-18.0.2.1\bin\management.dll
0x00007ff9144b0000 - 0x00007ff9144bb000 	C:\Users\ADMIN\.jdks\openjdk-18.0.2.1\bin\management_ext.dll
0x00007ff91a700000 - 0x00007ff91a72d000 	C:\WINDOWS\SYSTEM32\IPHLPAPI.DLL
0x00007ff91d010000 - 0x00007ff91d019000 	C:\WINDOWS\System32\NSI.dll
0x00007ff915810000 - 0x00007ff915829000 	C:\WINDOWS\SYSTEM32\dhcpcsvc6.DLL
0x00007ff9159b0000 - 0x00007ff9159ce000 	C:\WINDOWS\SYSTEM32\dhcpcsvc.DLL
0x00007ff91a730000 - 0x00007ff91a818000 	C:\WINDOWS\SYSTEM32\DNSAPI.dll
0x00007ff9020e0000 - 0x00007ff9020ea000 	C:\Windows\System32\rasadhlp.dll
0x00007ff90ead0000 - 0x00007ff90eb51000 	C:\WINDOWS\System32\fwpuclnt.dll
0x00007ff8ff500000 - 0x00007ff8ff517000 	C:\WINDOWS\system32\napinsp.dll
0x00007ff8ff4e0000 - 0x00007ff8ff4fb000 	C:\WINDOWS\system32\pnrpnsp.dll
0x00007ff8ff4c0000 - 0x00007ff8ff4d2000 	C:\WINDOWS\System32\winrnr.dll
0x00007ff8fe920000 - 0x00007ff8fe935000 	C:\WINDOWS\system32\wshbth.dll
0x00007ff8fe900000 - 0x00007ff8fe91f000 	C:\WINDOWS\system32\nlansp_c.dll
0x00007ff91b240000 - 0x00007ff91b258000 	C:\WINDOWS\SYSTEM32\CRYPTSP.dll
0x00007ff91ab30000 - 0x00007ff91ab65000 	C:\WINDOWS\system32\rsaenh.dll
0x00007ff91b0f0000 - 0x00007ff91b119000 	C:\WINDOWS\SYSTEM32\USERENV.dll
0x00007ff91b3d0000 - 0x00007ff91b3f7000 	C:\WINDOWS\SYSTEM32\bcrypt.dll
0x00007ff91b260000 - 0x00007ff91b26c000 	C:\WINDOWS\SYSTEM32\CRYPTBASE.dll
0x00007ff9178c0000 - 0x00007ff9178ce000 	C:\Users\ADMIN\.jdks\openjdk-18.0.2.1\bin\sunmscapi.dll
0x00007ff91bba0000 - 0x00007ff91bd02000 	C:\WINDOWS\System32\CRYPT32.dll
0x00007ff91b3a0000 - 0x00007ff91b3c8000 	C:\WINDOWS\SYSTEM32\ncrypt.dll
0x00007ff91b360000 - 0x00007ff91b397000 	C:\WINDOWS\SYSTEM32\NTASN1.dll

dbghelp: loaded successfully - version: 4.0.5 - missing functions: none
symbol engine: initialized successfully - sym options: 0x614 - pdb path: .;C:\Users\ADMIN\.jdks\openjdk-18.0.2.1\bin;C:\WINDOWS\SYSTEM32;C:\WINDOWS\WinSxS\amd64_microsoft.windows.common-controls_6595b64144ccf1df_6.0.22000.120_none_9d947278b86cc467;C:\Users\ADMIN\.jdks\openjdk-18.0.2.1\bin\server;C:\Program Files\JetBrains\IntelliJ IDEA Community Edition 2022.2\bin

VM Arguments:
jvm_args: -javaagent:C:\Program Files\JetBrains\IntelliJ IDEA Community Edition 2022.2\lib\idea_rt.jar=5971:C:\Program Files\JetBrains\IntelliJ IDEA Community Edition 2022.2\bin -Dfile.encoding=UTF-8 
java_command: com.systemfarmer.FarmerMicroserviceApplication
java_class_path (initial): C:\Users\ADMIN\Downloads\CropDealApp-main\CropDealApp-main\FarmerMicroservice\target\classes;C:\Users\ADMIN\.m2\repository\io\springfox\springfox-swagger-ui\2.9.2\springfox-swagger-ui-2.9.2.jar;C:\Users\ADMIN\.m2\repository\io\springfox\springfox-spring-web\2.9.2\springfox-spring-web-2.9.2.jar;C:\Users\ADMIN\.m2\repository\io\springfox\springfox-swagger2\2.9.2\springfox-swagger2-2.9.2.jar;C:\Users\ADMIN\.m2\repository\io\swagger\swagger-annotations\1.5.20\swagger-annotations-1.5.20.jar;C:\Users\ADMIN\.m2\repository\io\swagger\swagger-models\1.5.20\swagger-models-1.5.20.jar;C:\Users\ADMIN\.m2\repository\com\fasterxml\jackson\core\jackson-annotations\2.12.4\jackson-annotations-2.12.4.jar;C:\Users\ADMIN\.m2\repository\io\springfox\springfox-spi\2.9.2\springfox-spi-2.9.2.jar;C:\Users\ADMIN\.m2\repository\io\springfox\springfox-core\2.9.2\springfox-core-2.9.2.jar;C:\Users\ADMIN\.m2\repository\io\springfox\springfox-schema\2.9.2\springfox-schema-2.9.2.jar;C:\Users\ADMIN\.m2\repository\io\springfox\springfox-swagger-common\2.9.2\springfox-swagger-common-2.9.2.jar;C:\Users\ADMIN\.m2\repository\com\google\guava\guava\20.0\guava-20.0.jar;C:\Users\ADMIN\.m2\repository\com\fasterxml\classmate\1.5.1\classmate-1.5.1.jar;C:\Users\ADMIN\.m2\repository\org\slf4j\slf4j-api\1.7.32\slf4j-api-1.7.32.jar;C:\Users\ADMIN\.m2\repository\org\springframework\plugin\spring-plugin-core\1.2.0.RELEASE\spring-plugin-core-1.2.0.RELEASE.jar;C:\Users\ADMIN\.m2\repository\org\springframework\spring-beans\5.3.9\spring-beans-5.3.9.jar;C:\Users\ADMIN\.m2\repository\org\springframework\spring-context\5.3.9\spring-context-5.3.9.jar;C:\Users\ADMIN\.m2\repository\org\springframework\spring-aop\5.3.9\spring-aop-5.3.9.jar;C:\Users\ADMIN\.m2\repository\org\springframework\plugin\spring-plugin-metadata\1.2.0.RELEASE\spring-plugin-metadata-1.2.0.RELEASE.jar;C:\Users\ADMIN\.m2\repository\org\mapstruct\mapstruct\1.2.0.Final\mapstruct-1.2.0.Final.jar;C:\Users\ADMIN\.m2\repository\org\springframework\boot\spring-boot-starter-data-mongodb\2.5.4\spring-boot-starter-data-mongodb-2.5.4.jar;C:\Users\ADMIN\.m2\repository\org\springframework\boot\spring-boot-starter\2.5.4\spring-boot-starter-2.5.4.jar;C:\Users\ADMIN\.m2\repository\org\springframework\boot\spring-boot-starter-logging\2.5.4\spring-boot-starter-logging-2.5.4.jar;C:\Users\ADMIN\.m2\repository\ch\qos\logback\logback-classic\1.2.5\logback-classic-1.2.5.jar;C:\Users\ADMIN\.m2\repository\ch\qos\logback\logback-core\1.2.5\logback-core-1.2.5.jar;C:\Users\ADMIN\.m2\repository\org\apache\logging\log4j\log4j-to-slf4j\2.14.1\log4j-to-slf4j-2.14.1.jar;C:\Users\ADMIN\.m2\repository\org\apache\logging\log4j\log4j-api\2.14.1\log4j-api-2.14.1.jar;C:\Users\ADMIN\.m2\repository\org\slf4j\jul-to-slf4j\1.7.32\jul-to-slf4j-1.7.32.jar;C:\Users\ADMIN\.m2\repository\jakarta\annotation\jakarta.annotation-api\1.3.5\jakarta.annotation-api-1.3.5.jar;C:\Users\ADMIN\.m2\repository\org\yaml\snakeyaml\1.28\snakeyaml-1.28.jar;C:\Users\ADMIN\.m2\repository\org\mongodb\mongodb-driver-sync\4.2.3\mongodb-driver-sync-4.2.3.jar;C:\Users\ADMIN\.m2\repository\org\mongodb\bson\4.2.3\bson-4.2.3.jar;C:\Users\ADMIN\.m2\repository\org\mongodb\mongodb-driver-core\4.2.3\mongodb-driver-core-4.2.3.jar;C:\Users\ADMIN\.m2\repository\org\springframework\data\spring-data-mongodb\3.2.4\spring-data-mongodb-3.2.4.jar;C:\Users\ADMIN\.m2\repository\org\springframework\spring-tx\5.3.9\spring-tx-5.3.9.jar;C:\Users\ADMIN\.m2\repository\org\springframework\spring-expression\5.3.9\spring-expression-5.3.9.jar;C:\Users\ADMIN\.m2\repository\org\springframework\data\spring-data-commons\2.5.4\spring-data-commons-2.5.4.jar;C:\Users\ADMIN\.m2\repository\org\springframework\boot\spring-boot-starter-web\2.5.4\spring-boot-starter-web-2.5.4.jar;C:\Users\ADMIN\.m2\repository\org\springframework\boot\spring-boot-starter-json\2.5.4\spring-boot-starter-json-2.5.4.jar;C:\Users\ADMIN\.m2\repository\com\fasterxml\jackson\core\jackson-databind\2.12.4\jackson-databind-2.12.4.jar;C:\Users\ADMIN\.m2\repository\com\fasterxml\jackson\datatype\jackson-datatype-jdk8\2.12.4\jackson-datatype-jdk8-2.12.4.jar;C:\Users\ADMIN\.m2\repository\com\fasterxml\jackson\datatype\jackson-datatype-jsr310\2.12.4\jackson-datatype-jsr310-2.12.4.jar;C:\Users\ADMIN\.m2\repository\com\fasterxml\jackson\module\jackson-module-parameter-names\2.12.4\jackson-module-parameter-names-2.12.4.jar;C:\Users\ADMIN\.m2\repository\org\springframework\boot\spring-boot-starter-tomcat\2.5.4\spring-boot-starter-tomcat-2.5.4.jar;C:\Users\ADMIN\.m2\repository\org\apache\tomcat\embed\tomcat-embed-core\9.0.52\tomcat-embed-core-9.0.52.jar;C:\Users\ADMIN\.m2\repository\org\apache\tomcat\embed\tomcat-embed-el\9.0.52\tomcat-embed-el-9.0.52.jar;C:\Users\ADMIN\.m2\repository\org\apache\tomcat\embed\tomcat-embed-websocket\9.0.52\tomcat-embed-websocket-9.0.52.jar;C:\Users\ADMIN\.m2\repository\org\springframework\spring-web\5.3.9\spring-web-5.3.9.jar;C:\Users\ADMIN\.m2\repository\org\springframework\spring-webmvc\5.3.9\spring-webmvc-5.3.9.jar;C:\Users\ADMIN\.m2\repository\org\springframework\boot\spring-boot-devtools\2.5.4\spring-boot-devtools-2.5.4.jar;C:\Users\ADMIN\.m2\repository\org\springframework\boot\spring-boot\2.5.4\spring-boot-2.5.4.jar;C:\Users\ADMIN\.m2\repository\org\springframework\boot\spring-boot-autoconfigure\2.5.4\spring-boot-autoconfigure-2.5.4.jar;C:\Users\ADMIN\.m2\repository\org\springframework\cloud\spring-cloud-starter-netflix-eureka-client\3.0.2\spring-cloud-starter-netflix-eureka-client-3.0.2.jar;C:\Users\ADMIN\.m2\repository\org\springframework\cloud\spring-cloud-starter\3.0.2\spring-cloud-starter-3.0.2.jar;C:\Users\ADMIN\.m2\repository\org\springframework\cloud\spring-cloud-context\3.0.2\spring-cloud-context-3.0.2.jar;C:\Users\ADMIN\.m2\repository\org\springframework\security\spring-security-crypto\5.5.2\spring-security-crypto-5.5.2.jar;C:\Users\ADMIN\.m2\repository\org\springframework\cloud\spring-cloud-commons\3.0.2\spring-cloud-commons-3.0.2.jar;C:\Users\ADMIN\.m2\repository\org\springframework\security\spring-security-rsa\1.0.9.RELEASE\spring-security-rsa-1.0.9.RELEASE.jar;C:\Users\ADMIN\.m2\repository\org\bouncycastle\bcpkix-jdk15on\1.64\bcpkix-jdk15on-1.64.jar;C:\Users\ADMIN\.m2\repository\org\bouncycastle\bcprov-jdk15on\1.64\bcprov-jdk15on-1.64.jar;C:\Users\ADMIN\.m2\repository\org\springframework\cloud\spring-cloud-netflix-eureka-client\3.0.2\spring-cloud-netflix-eureka-client-3.0.2.jar;C:\Users\ADMIN\.m2\repository\com\netflix\eureka\eureka-client\1.10.11\eureka-client-1.10.11.jar;C:\Users\ADMIN\.m2\repository\com\netflix\netflix-commons\netflix-eventbus\0.3.0\netflix-eventbus-0.3.0.jar;C:\Users\ADMIN\.m2\repository\com\netflix\netflix-commons\netflix-infix\0.3.0\netflix-infix-0.3.0.jar;C:\Users\ADMIN\.m2\repository\commons-jxpath\commons-jxpath\1.3\commons-jxpath-1.3.jar;C:\Users\ADMIN\.m2\repository\joda-time\joda-time\2.3\joda-time-2.3.jar;C:\Users\ADMIN\.m2\repository\org\antlr\antlr-runtime\3.4\antlr-runtime-3.4.jar;C:\Users\ADMIN\.m2\repository\org\antlr\stringtemplate\3.2.1\stringtemplate-3.2.1.jar;C:\Users\ADMIN\.m2\repository\antlr\antlr\2.7.7\antlr-2.7.7.jar;C:\Users\ADMIN\.m2\repository\com\google\code\gson\gson\2.8.7\gson-2.8.7.jar;C:\Users\ADMIN\.m2\repository\org\apache\commons\commons-math\2.2\commons-math-2.2.jar;C:\Users\ADMIN\.m2\repository\com\thoughtworks\xstream\xstream\1.4.14\xstream-1.4.14.jar;C:\Users\ADMIN\.m2\repository\xmlpull\xmlpull\1.1.3.1\xmlpull-1.1.3.1.jar;C:\Users\ADMIN\.m2\repository\xpp3\xpp3_min\1.1.4c\xpp3_min-1.1.4c.jar;C:\Users\ADMIN\.m2\repository\javax\ws\rs\jsr311-api\1.1.1\jsr311-api-1.1.1.jar;C:\Users\ADMIN\.m2\repository\com\netflix\servo\servo-core\0.12.21\servo-core-0.12.21.jar;C:\Users\ADMIN\.m2\repository\org\apache\httpcomponents\httpclient\4.5.13\httpclient-4.5.13.jar;C:\Users\ADMIN\.m2\repository\org\apache\httpcomponents\httpcore\4.4.14\httpcore-4.4.14.jar;C:\Users\ADMIN\.m2\repository\commons-codec\commons-codec\1.15\commons-codec-1.15.jar;C:\Users\ADMIN\.m2\repository\commons-configuration\commons-configuration\1.10\commons-configuration-1.10.jar;C:\Users\ADMIN\.m2\repository\commons-lang\commons-lang\2.6\commons-lang-2.6.jar;C:\Users\ADMIN\.m2\repository\com\google\inject\guice\4.1.0\guice-4.1.0.jar;C:\Users\ADMIN\.m2\repository\javax\inject\javax.inject\1\javax.inject-1.jar;C:\Users\ADMIN\.m2\repository\aopalliance\aopalliance\1.0\aopalliance-1.0.jar;C:\Users\ADMIN\.m2\repository\com\fasterxml\jackson\core\jackson-core\2.12.4\jackson-core-2.12.4.jar;C:\Users\ADMIN\.m2\repository\org\codehaus\jettison\jettison\1.4.0\jettison-1.4.0.jar;C:\Users\ADMIN\.m2\repository\com\netflix\eureka\eureka-core\1.10.11\eureka-core-1.10.11.jar;C:\Users\ADMIN\.m2\repository\com\fasterxml\woodstox\woodstox-core\5.3.0\woodstox-core-5.3.0.jar;C:\Users\ADMIN\.m2\repository\org\codehaus\woodstox\stax2-api\4.2\stax2-api-4.2.jar;C:\Users\ADMIN\.m2\repository\org\springframework\cloud\spring-cloud-starter-loadbalancer\3.0.2\spring-cloud-starter-loadbalancer-3.0.2.jar;C:\Users\ADMIN\.m2\repository\org\springframework\cloud\spring-cloud-loadbalancer\3.0.2\spring-cloud-loadbalancer-3.0.2.jar;C:\Users\ADMIN\.m2\repository\org\springframework\boot\spring-boot-starter-validation\2.5.4\spring-boot-starter-validation-2.5.4.jar;C:\Users\ADMIN\.m2\repository\org\hibernate\validator\hibernate-validator\6.2.0.Final\hibernate-validator-6.2.0.Final.jar;C:\Users\ADMIN\.m2\repository\jakarta\validation\jakarta.validation-api\2.0.2\jakarta.validation-api-2.0.2.jar;C:\Users\ADMIN\.m2\repository\org\jboss\logging\jboss-logging\3.4.2.Final\jboss-logging-3.4.2.Final.jar;C:\Users\ADMIN\.m2\repository\io\projectreactor\reactor-core\3.4.9\reactor-core-3.4.9.jar;C:\Users\ADMIN\.m2\repository\org\reactivestreams\reactive-streams\1.0.3\reactive-streams-1.0.3.jar;C:\Users\ADMIN\.m2\repository\io\projectreactor\addons\reactor-extra\3.4.4\reactor-extra-3.4.4.jar;C:\Users\ADMIN\.m2\repository\org\springframework\boot\spring-boot-starter-cache\2.5.4\spring-boot-starter-cache-2.5.4.jar;C:\Users\ADMIN\.m2\repository\org\springframework\spring-context-support\5.3.9\spring-context-support-5.3.9.jar;C:\Users\ADMIN\.m2\repository\com\stoyanr\evictor\1.0.0\evictor-1.0.0.jar;C:\Users\ADMIN\.m2\repository\net\bytebuddy\byte-buddy\1.10.22\byte-buddy-1.10.22.jar;C:\Users\ADMIN\.m2\repository\org\springframework\spring-core\5.3.9\spring-core-5.3.9.jar;C:\Users\ADMIN\.m2\repository\org\springframework\spring-jcl\5.3.9\spring-jcl-5.3.9.jar
Launcher Type: SUN_STANDARD

[Global flags]
     intx CICompilerCount                          = 3                                         {product} {ergonomic}
     uint ConcGCThreads                            = 1                                         {product} {ergonomic}
     uint G1ConcRefinementThreads                  = 4                                         {product} {ergonomic}
   size_t G1HeapRegionSize                         = 1048576                                   {product} {ergonomic}
    uintx GCDrainStackTargetSize                   = 64                                        {product} {ergonomic}
   size_t InitialHeapSize                          = 65011712                                  {product} {ergonomic}
   size_t MarkStackSize                            = 4194304                                   {product} {ergonomic}
   size_t MaxHeapSize                              = 1017118720                                {product} {ergonomic}
   size_t MaxNewSize                               = 610271232                                 {product} {ergonomic}
   size_t MinHeapDeltaBytes                        = 1048576                                   {product} {ergonomic}
   size_t MinHeapSize                              = 8388608                                   {product} {ergonomic}
    uintx NonNMethodCodeHeapSize                   = 5832780                                {pd product} {ergonomic}
    uintx NonProfiledCodeHeapSize                  = 122912730                              {pd product} {ergonomic}
    uintx ProfiledCodeHeapSize                     = 122912730                              {pd product} {ergonomic}
    uintx ReservedCodeCacheSize                    = 251658240                              {pd product} {ergonomic}
     bool SegmentedCodeCache                       = true                                      {product} {ergonomic}
   size_t SoftMaxHeapSize                          = 1017118720                             {manageable} {ergonomic}
     bool UseCompressedClassPointers               = true                           {product lp64_product} {ergonomic}
     bool UseCompressedOops                        = true                           {product lp64_product} {ergonomic}
     bool UseG1GC                                  = true                                      {product} {ergonomic}
     bool UseLargePagesIndividualAllocation        = false                                  {pd product} {ergonomic}

Logging:
Log output configuration:
 #0: stdout all=warning uptime,level,tags foldmultilines=false
 #1: stderr all=off uptime,level,tags foldmultilines=false

Environment Variables:
PATH=C:\Program Files\Common Files\Oracle\Java\javapath;C:\WINDOWS\system32;C:\WINDOWS;C:\WINDOWS\System32\Wbem;C:\WINDOWS\System32\WindowsPowerShell\v1.0\;C:\WINDOWS\System32\OpenSSH\;C:\Program Files\Git\cmd;C:\Program Files\nodejs\;C:\Users\ADMIN\AppData\Local\Microsoft\WindowsApps;;C:\Program Files\JetBrains\IntelliJ IDEA Community Edition 2022.2\bin;;C:\Users\ADMIN\AppData\Roaming\npm;C:\Users\ADMIN\AppData\Local\Programs\Microsoft VS Code\bin
USERNAME=ADMIN
OS=Windows_NT
PROCESSOR_IDENTIFIER=Intel64 Family 6 Model 126 Stepping 5, GenuineIntel



---------------  S Y S T E M  ---------------

OS:
 Windows 11 , 64 bit Build 22000 (10.0.22000.708)
OS uptime: 7 days 0:20 hours

CPU: total 4 (initial active 4) (2 cores per cpu, 2 threads per core) family 6 model 126 stepping 5 microcode 0xa0, cx8, cmov, fxsr, ht, mmx, 3dnowpref, sse, sse2, sse3, ssse3, sse4.1, sse4.2, popcnt, lzcnt, tsc, tscinvbit, avx, avx2, aes, erms, clmul, bmi1, bmi2, adx, avx512f, avx512dq, avx512cd, avx512bw, avx512vl, sha, fma, vzeroupper, avx512_vpopcntdq, avx512_vpclmulqdq, avx512_vaes, avx512_vnni, clflush, clflushopt, avx512_vbmi2, avx512_vbmi

Memory: 4k page, system-wide physical 3877M (83M free)
TotalPageFile size 15653M (AvailPageFile size 0M)
current process WorkingSet (physical memory assigned to process): 38M, peak: 223M
current process commit charge ("private bytes"): 248M, peak: 264M

vm_info: OpenJDK 64-Bit Server VM (18.0.2.1+1-1) for windows-amd64 JRE (18.0.2.1+1-1), built on Aug 16 2022 01:44:29 by "mach5one" with MS VC++ 16.8 / 16.9 (VS2019)

END.
