#
# There is insufficient memory for the Java Runtime Environment to continue.
# Native memory allocation (malloc) failed to allocate 192336 bytes for Chunk::new
# Possible reasons:
#   The system is out of physical RAM or swap space
#   The process is running with CompressedOops enabled, and the Java Heap may be blocking the growth of the native heap
# Possible solutions:
#   Reduce memory load on the system
#   Increase physical memory or swap space
#   Check if swap backing store is full
#   Decrease Java heap size (-Xmx/-Xms)
#   Decrease number of Java threads
#   Decrease Java thread stack sizes (-Xss)
#   Set larger code cache with -XX:ReservedCodeCacheSize=
#   JVM is running with Unscaled Compressed Oops mode in which the Java heap is
#     placed in the first 4GB address space. The Java Heap base address is the
#     maximum limit for the native heap growth. Please use -XX:HeapBaseMinAddress
#     to set the Java Heap base and to place the Java Heap above 4GB virtual address.
# This output file may be truncated or incomplete.
#
#  Out of Memory Error (arena.cpp:184), pid=17080, tid=16740
#
# JRE version: OpenJDK Runtime Environment (18.0.2.1+1) (build 18.0.2.1+1-1)
# Java VM: OpenJDK 64-Bit Server VM (18.0.2.1+1-1, mixed mode, sharing, tiered, compressed oops, compressed class ptrs, g1 gc, windows-amd64)
# No core dump will be written. Minidumps are not enabled by default on client versions of Windows
#

---------------  S U M M A R Y ------------

Command Line: -javaagent:C:\Program Files\JetBrains\IntelliJ IDEA Community Edition 2022.2\lib\idea_rt.jar=4540:C:\Program Files\JetBrains\IntelliJ IDEA Community Edition 2022.2\bin -Dfile.encoding=UTF-8 com.systemfarmer.FarmerMicroserviceApplication

Host: Intel(R) Core(TM) i3-1005G1 CPU @ 1.20GHz, 4 cores, 3G,  Windows 11 , 64 bit Build 22000 (10.0.22000.708)
Time: Thu Oct 27 08:48:39 2022 India Standard Time elapsed time: 35322.843426 seconds (0d 9h 48m 42s)

---------------  T H R E A D  ---------------

Current thread (0x000002a3e987da30):  JavaThread "C2 CompilerThread0" daemon [_thread_in_native, id=16740, stack(0x000000f558b00000,0x000000f558c00000)]


Current CompileTask:
C2:35322844 9461   !   4       java.util.concurrent.ThreadPoolExecutor::getTask (177 bytes)

Stack: [0x000000f558b00000,0x000000f558c00000]
Native frames: (J=compiled Java code, j=interpreted, Vv=VM code, C=native code)
V  [jvm.dll+0x6993aa]
V  [jvm.dll+0x7f46dd]
V  [jvm.dll+0x7f5fee]
V  [jvm.dll+0x7f66a3]
V  [jvm.dll+0x25cf1f]
V  [jvm.dll+0xb8c2f]
V  [jvm.dll+0xb8fa5]
V  [jvm.dll+0x386091]
V  [jvm.dll+0x1d2805]
V  [jvm.dll+0x230259]
V  [jvm.dll+0x22f4d1]
V  [jvm.dll+0x1ba01c]
V  [jvm.dll+0x23ee0a]
V  [jvm.dll+0x23d0f5]
V  [jvm.dll+0x7a6dd1]
V  [jvm.dll+0x7a120a]
V  [jvm.dll+0x698255]
C  [ucrtbase.dll+0x26c0c]
C  [KERNEL32.DLL+0x154e0]
C  [ntdll.dll+0x485b]


---------------  P R O C E S S  ---------------

Threads class SMR info:
_java_thread_list=0x000002a3f9c43310, length=44, elements={
0x000002a3e985f4e0, 0x000002a3e985fe80, 0x000002a3e9879070, 0x000002a3e9879a10,
0x000002a3e987a3b0, 0x000002a3e987cd60, 0x000002a3e987da30, 0x000002a3f596ffb0,
0x000002a3f598e870, 0x000002a3f9c1e0b0, 0x000002a3fa216af0, 0x000002a3fa216fb0,
0x000002a3fb1fe060, 0x000002a3fb1fd1f0, 0x000002a3fb1fdb90, 0x000002a3fb1fcd20,
0x000002a3fb1fe530, 0x000002a3fb1fea00, 0x000002a3fb1feed0, 0x000002a3fb1ff3a0,
0x000002a3fb1ff870, 0x000002a3fb308be0, 0x000002a3fb30a3f0, 0x000002a3fb30cf40,
0x000002a3fb30bc00, 0x000002a3fb306560, 0x000002a3fb30ca70, 0x000002a3fb309580,
0x000002a3fb30ad90, 0x000002a3fb309a50, 0x000002a3fb306a30, 0x000002a3fb306f00,
0x000002a3fb30c0d0, 0x000002a3fb30b260, 0x000002a3fb30b730, 0x000002a3fb30d8e0,
0x000002a3fb306090, 0x000002a3fb3078a0, 0x000002a3fb307d70, 0x000002a3fb308240,
0x000002a3fb308710, 0x000002a3fb1fd6c0, 0x000002a3fb3090b0, 0x000002a3fb30a8c0
}

Java Threads: ( => current thread )
  0x000002a3e985f4e0 JavaThread "Reference Handler" daemon [_thread_blocked, id=10404, stack(0x000000f558500000,0x000000f558600000)]
  0x000002a3e985fe80 JavaThread "Finalizer" daemon [_thread_blocked, id=17496, stack(0x000000f558600000,0x000000f558700000)]
  0x000002a3e9879070 JavaThread "Signal Dispatcher" daemon [_thread_blocked, id=24268, stack(0x000000f558700000,0x000000f558800000)]
  0x000002a3e9879a10 JavaThread "Attach Listener" daemon [_thread_blocked, id=20236, stack(0x000000f558800000,0x000000f558900000)]
  0x000002a3e987a3b0 JavaThread "Service Thread" daemon [_thread_blocked, id=25968, stack(0x000000f558900000,0x000000f558a00000)]
  0x000002a3e987cd60 JavaThread "Monitor Deflation Thread" daemon [_thread_blocked, id=25552, stack(0x000000f558a00000,0x000000f558b00000)]
=>0x000002a3e987da30 JavaThread "C2 CompilerThread0" daemon [_thread_in_native, id=16740, stack(0x000000f558b00000,0x000000f558c00000)]
  0x000002a3f596ffb0 JavaThread "C1 CompilerThread0" daemon [_thread_blocked, id=13004, stack(0x000000f558c00000,0x000000f558d00000)]
  0x000002a3f598e870 JavaThread "Sweeper thread" daemon [_thread_blocked, id=20316, stack(0x000000f558d00000,0x000000f558e00000)]
  0x000002a3f9c1e0b0 JavaThread "Common-Cleaner" daemon [_thread_blocked, id=14956, stack(0x000000f558e00000,0x000000f558f00000)]
  0x000002a3fa216af0 JavaThread "Monitor Ctrl-Break" daemon [_thread_in_native, id=23444, stack(0x000000f558f00000,0x000000f559000000)]
  0x000002a3fa216fb0 JavaThread "Notification Thread" daemon [_thread_blocked, id=5632, stack(0x000000f559000000,0x000000f559100000)]
  0x000002a3fb1fe060 JavaThread "Catalina-utility-1" [_thread_in_Java, id=17700, stack(0x000000f559800000,0x000000f559900000)]
  0x000002a3fb1fd1f0 JavaThread "Catalina-utility-2" [_thread_in_Java, id=24788, stack(0x000000f559900000,0x000000f559a00000)]
  0x000002a3fb1fdb90 JavaThread "container-0" [_thread_blocked, id=10496, stack(0x000000f559a00000,0x000000f559b00000)]
  0x000002a3fb1fcd20 JavaThread "Thread-5" daemon [_thread_in_native, id=10696, stack(0x000000f559b00000,0x000000f559c00000)]
  0x000002a3fb1fe530 JavaThread "cluster-ClusterId{value='63596ea1d789d353c0872325', description='null'}-ac-k2reprw-shard-00-02.n6fznat.mongodb.net:27017" daemon [_thread_blocked, id=18180, stack(0x000000f559d00000,0x000000f559e00000)]
  0x000002a3fb1fea00 JavaThread "cluster-rtt-ClusterId{value='63596ea1d789d353c0872325', description='null'}-ac-k2reprw-shard-00-02.n6fznat.mongodb.net:27017" daemon [_thread_blocked, id=19592, stack(0x000000f559e00000,0x000000f559f00000)]
  0x000002a3fb1feed0 JavaThread "cluster-ClusterId{value='63596ea1d789d353c0872325', description='null'}-ac-k2reprw-shard-00-00.n6fznat.mongodb.net:27017" daemon [_thread_in_vm, id=24288, stack(0x000000f559f00000,0x000000f55a000000)]
  0x000002a3fb1ff3a0 JavaThread "cluster-rtt-ClusterId{value='63596ea1d789d353c0872325', description='null'}-ac-k2reprw-shard-00-00.n6fznat.mongodb.net:27017" daemon [_thread_blocked, id=24736, stack(0x000000f55a000000,0x000000f55a100000)]
  0x000002a3fb1ff870 JavaThread "cluster-ClusterId{value='63596ea1d789d353c0872325', description='null'}-ac-k2reprw-shard-00-01.n6fznat.mongodb.net:27017" daemon [_thread_blocked, id=26272, stack(0x000000f55a100000,0x000000f55a200000)]
  0x000002a3fb308be0 JavaThread "cluster-rtt-ClusterId{value='63596ea1d789d353c0872325', description='null'}-ac-k2reprw-shard-00-01.n6fznat.mongodb.net:27017" daemon [_thread_blocked, id=21700, stack(0x000000f55a200000,0x000000f55a300000)]
  0x000002a3fb30a3f0 JavaThread "File Watcher" daemon [_thread_in_native, id=9288, stack(0x000000f55a400000,0x000000f55a500000)]
  0x000002a3fb30cf40 JavaThread "spring.cloud.inetutils" daemon [_thread_blocked, id=20916, stack(0x000000f55a500000,0x000000f55a600000)]
  0x000002a3fb30bc00 JavaThread "AsyncResolver-bootstrap-0" daemon [_thread_blocked, id=22772, stack(0x000000f55a600000,0x000000f55a700000)]
  0x000002a3fb306560 JavaThread "DiscoveryClient-0" daemon [_thread_blocked, id=21720, stack(0x000000f55a700000,0x000000f55a800000)]
  0x000002a3fb30ca70 JavaThread "DiscoveryClient-1" daemon [_thread_blocked, id=16208, stack(0x000000f55a800000,0x000000f55a900000)]
  0x000002a3fb309580 JavaThread "DiscoveryClient-InstanceInfoReplicator-0" daemon [_thread_blocked, id=18388, stack(0x000000f55a900000,0x000000f55aa00000)]
  0x000002a3fb30ad90 JavaThread "http-nio-8096-Poller" daemon [_thread_in_native, id=23328, stack(0x000000f55aa00000,0x000000f55ab00000)]
  0x000002a3fb309a50 JavaThread "http-nio-8096-Acceptor" daemon [_thread_in_native, id=13964, stack(0x000000f55ab00000,0x000000f55ac00000)]
  0x000002a3fb306a30 JavaThread "DestroyJavaVM" [_thread_blocked, id=5980, stack(0x000000f557e00000,0x000000f557f00000)]
  0x000002a3fb306f00 JavaThread "DiscoveryClient-HeartbeatExecutor-0" daemon [_thread_in_Java, id=21480, stack(0x000000f55ac00000,0x000000f55ad00000)]
  0x000002a3fb30c0d0 JavaThread "DiscoveryClient-CacheRefreshExecutor-0" daemon [_thread_in_Java, id=20352, stack(0x000000f55ad00000,0x000000f55ae00000)]
  0x000002a3fb30b260 JavaThread "AsyncResolver-bootstrap-executor-0" daemon [_thread_blocked, id=25372, stack(0x000000f557d00000,0x000000f557e00000)]
  0x000002a3fb30b730 JavaThread "http-nio-8096-exec-1" daemon [_thread_blocked, id=17236, stack(0x000000f557b00000,0x000000f557c00000)]
  0x000002a3fb30d8e0 JavaThread "http-nio-8096-exec-2" daemon [_thread_blocked, id=1600, stack(0x000000f557c00000,0x000000f557d00000)]
  0x000002a3fb306090 JavaThread "http-nio-8096-exec-3" daemon [_thread_blocked, id=11708, stack(0x000000f559600000,0x000000f559700000)]
  0x000002a3fb3078a0 JavaThread "http-nio-8096-exec-4" daemon [_thread_blocked, id=24652, stack(0x000000f559700000,0x000000f559800000)]
  0x000002a3fb307d70 JavaThread "http-nio-8096-exec-5" daemon [_thread_blocked, id=27172, stack(0x000000f559c00000,0x000000f559d00000)]
  0x000002a3fb308240 JavaThread "http-nio-8096-exec-6" daemon [_thread_blocked, id=10324, stack(0x000000f55a300000,0x000000f55a400000)]
  0x000002a3fb308710 JavaThread "http-nio-8096-exec-7" daemon [_thread_blocked, id=26708, stack(0x000000f55af00000,0x000000f55b000000)]
  0x000002a3fb1fd6c0 JavaThread "http-nio-8096-exec-8" daemon [_thread_blocked, id=10220, stack(0x000000f55b000000,0x000000f55b100000)]
  0x000002a3fb3090b0 JavaThread "http-nio-8096-exec-9" daemon [_thread_blocked, id=11184, stack(0x000000f55b100000,0x000000f55b200000)]
  0x000002a3fb30a8c0 JavaThread "http-nio-8096-exec-10" daemon [_thread_blocked, id=17108, stack(0x000000f55b200000,0x000000f55b300000)]

Other Threads:
  0x000002a3e985b0d0 VMThread "VM Thread" [stack: 0x000000f558400000,0x000000f558500000] [id=13776]
  0x000002a3fa17e310 WatcherThread "VM Periodic Task Thread" [stack: 0x000000f559100000,0x000000f559200000] [id=3656]
  0x000002a3e9800ec0 WorkerThread "GC Thread#0" [stack: 0x000000f557f00000,0x000000f558000000] [id=20472]
  0x000002a3fa2e3880 WorkerThread "GC Thread#1" [stack: 0x000000f559200000,0x000000f559300000] [id=2328]
  0x000002a3fa2cae40 WorkerThread "GC Thread#2" [stack: 0x000000f559300000,0x000000f559400000] [id=22696]
  0x000002a3fa331540 WorkerThread "GC Thread#3" [stack: 0x000000f559400000,0x000000f559500000] [id=9508]
  0x000002a3e9809730 ConcurrentGCThread "G1 Main Marker" [stack: 0x000000f558000000,0x000000f558100000] [id=26312]
  0x000002a3e980a290 WorkerThread "G1 Conc#0" [stack: 0x000000f558100000,0x000000f558200000] [id=2208]
  0x000002a3e98315b0 ConcurrentGCThread "G1 Refine#0" [stack: 0x000000f558200000,0x000000f558300000] [id=23776]
  0x000002a3fa2e3b20 ConcurrentGCThread "G1 Refine#1" [stack: 0x000000f559500000,0x000000f559600000] [id=8208]
  0x000002a3e9832020 ConcurrentGCThread "G1 Service" [stack: 0x000000f558300000,0x000000f558400000] [id=25012]

Threads with active compile tasks:
C2 CompilerThread0  35322963 9461   !   4       java.util.concurrent.ThreadPoolExecutor::getTask (177 bytes)

VM state: not at safepoint (normal execution)

VM Mutex/Monitor currently owned by a thread: None

Heap address: 0x00000000c3600000, size: 970 MB, Compressed Oops mode: 32-bit

CDS archive(s) mapped at: [0x0000000800000000-0x0000000800ba0000-0x0000000800ba0000), size 12189696, SharedBaseAddress: 0x0000000800000000, ArchiveRelocationMode: 0.
Compressed class space mapped at: 0x0000000800c00000-0x0000000840c00000, reserved size: 1073741824
Narrow klass base: 0x0000000800000000, Narrow klass shift: 0, Narrow klass range: 0x100000000

GC Precious Log:
 CardTable entry size: 512
 Card Set container configuration: InlinePtr #cards 5 size 8 Array Of Cards #cards 12 size 40 Howl #buckets 4 coarsen threshold 1843 Howl Bitmap #cards 512 size 80 coarsen threshold 460 Card regions per heap region 1 cards per card region 2048
 CPUs: 4 total, 4 available
 Memory: 3877M
 Large Page Support: Disabled
 NUMA Support: Disabled
 Compressed Oops: Enabled (32-bit)
 Heap Region Size: 1M
 Heap Min Capacity: 8M
 Heap Initial Capacity: 62M
 Heap Max Capacity: 970M
 Pre-touch: Disabled
 Parallel Workers: 4
 Concurrent Workers: 1
 Concurrent Refinement Workers: 4
 Periodic GC: Disabled

Heap:
 garbage-first heap   total 60416K, used 44298K [0x00000000c3600000, 0x0000000100000000)
  region size 1024K, 14 young (14336K), 1 survivors (1024K)
 Metaspace       used 59988K, committed 60416K, reserved 1114112K
  class space    used 7600K, committed 7808K, reserved 1048576K

Heap Regions: E=young(eden), S=young(survivor), O=old, HS=humongous(starts), HC=humongous(continues), CS=collection set, F=free, OA=open archive, CA=closed archive, TAMS=top-at-mark-start (previous, next)
|   0|0x00000000c3600000, 0x00000000c3700000, 0x00000000c3700000|100%| O|  |TAMS 0x00000000c3700000, 0x00000000c3600000| Untracked 
|   1|0x00000000c3700000, 0x00000000c3800000, 0x00000000c3800000|100%| O|  |TAMS 0x00000000c3800000, 0x00000000c3700000| Untracked 
|   2|0x00000000c3800000, 0x00000000c3900000, 0x00000000c3900000|100%| O|  |TAMS 0x00000000c3900000, 0x00000000c3800000| Untracked 
|   3|0x00000000c3900000, 0x00000000c3a00000, 0x00000000c3a00000|100%| O|  |TAMS 0x00000000c3a00000, 0x00000000c3900000| Untracked 
|   4|0x00000000c3a00000, 0x00000000c3b00000, 0x00000000c3b00000|100%| O|  |TAMS 0x00000000c3b00000, 0x00000000c3a00000| Untracked 
|   5|0x00000000c3b00000, 0x00000000c3c00000, 0x00000000c3c00000|100%| O|  |TAMS 0x00000000c3c00000, 0x00000000c3b00000| Untracked 
|   6|0x00000000c3c00000, 0x00000000c3d00000, 0x00000000c3d00000|100%| O|  |TAMS 0x00000000c3d00000, 0x00000000c3c00000| Untracked 
|   7|0x00000000c3d00000, 0x00000000c3e00000, 0x00000000c3e00000|100%| O|  |TAMS 0x00000000c3e00000, 0x00000000c3d00000| Untracked 
|   8|0x00000000c3e00000, 0x00000000c3f00000, 0x00000000c3f00000|100%| O|  |TAMS 0x00000000c3f00000, 0x00000000c3e00000| Untracked 
|   9|0x00000000c3f00000, 0x00000000c4000000, 0x00000000c4000000|100%| O|  |TAMS 0x00000000c4000000, 0x00000000c3f00000| Untracked 
|  10|0x00000000c4000000, 0x00000000c4100000, 0x00000000c4100000|100%| O|  |TAMS 0x00000000c4100000, 0x00000000c4000000| Complete 
|  11|0x00000000c4100000, 0x00000000c41edc00, 0x00000000c4200000| 92%| O|  |TAMS 0x00000000c41edc00, 0x00000000c4100000| Untracked 
|  12|0x00000000c4200000, 0x00000000c4300000, 0x00000000c4300000|100%| O|  |TAMS 0x00000000c4300000, 0x00000000c4200000| Untracked 
|  13|0x00000000c4300000, 0x00000000c4400000, 0x00000000c4400000|100%| O|  |TAMS 0x00000000c4400000, 0x00000000c4300000| Untracked 
|  14|0x00000000c4400000, 0x00000000c4500000, 0x00000000c4500000|100%| O|  |TAMS 0x00000000c4500000, 0x00000000c4400000| Untracked 
|  15|0x00000000c4500000, 0x00000000c4600000, 0x00000000c4600000|100%| O|  |TAMS 0x00000000c4600000, 0x00000000c4500000| Complete 
|  16|0x00000000c4600000, 0x00000000c4600000, 0x00000000c4700000|  0%| F|  |TAMS 0x00000000c4600000, 0x00000000c4600000| Untracked 
|  17|0x00000000c4700000, 0x00000000c4800000, 0x00000000c4800000|100%| O|  |TAMS 0x00000000c4800000, 0x00000000c4700000| Untracked 
|  18|0x00000000c4800000, 0x00000000c4900000, 0x00000000c4900000|100%| O|  |TAMS 0x00000000c4900000, 0x00000000c4800000| Untracked 
|  19|0x00000000c4900000, 0x00000000c4a00000, 0x00000000c4a00000|100%| O|  |TAMS 0x00000000c4a00000, 0x00000000c4900000| Untracked 
|  20|0x00000000c4a00000, 0x00000000c4b00000, 0x00000000c4b00000|100%| O|  |TAMS 0x00000000c4b00000, 0x00000000c4a00000| Untracked 
|  21|0x00000000c4b00000, 0x00000000c4c00000, 0x00000000c4c00000|100%| O|  |TAMS 0x00000000c4c00000, 0x00000000c4b00000| Untracked 
|  22|0x00000000c4c00000, 0x00000000c4d00000, 0x00000000c4d00000|100%| O|  |TAMS 0x00000000c4d00000, 0x00000000c4c00000| Untracked 
|  23|0x00000000c4d00000, 0x00000000c4d00000, 0x00000000c4e00000|  0%| F|  |TAMS 0x00000000c4d00000, 0x00000000c4d00000| Untracked 
|  24|0x00000000c4e00000, 0x00000000c4e00000, 0x00000000c4f00000|  0%| F|  |TAMS 0x00000000c4e00000, 0x00000000c4e00000| Untracked 
|  25|0x00000000c4f00000, 0x00000000c5000000, 0x00000000c5000000|100%| O|  |TAMS 0x00000000c5000000, 0x00000000c4f00000| Complete 
|  26|0x00000000c5000000, 0x00000000c5100000, 0x00000000c5100000|100%| O|  |TAMS 0x00000000c5100000, 0x00000000c5000000| Untracked 
|  27|0x00000000c5100000, 0x00000000c5100000, 0x00000000c5200000|  0%| F|  |TAMS 0x00000000c5100000, 0x00000000c5100000| Untracked 
|  28|0x00000000c5200000, 0x00000000c5300000, 0x00000000c5300000|100%| O|  |TAMS 0x00000000c5300000, 0x00000000c5200000| Untracked 
|  29|0x00000000c5300000, 0x00000000c5300000, 0x00000000c5400000|  0%| F|  |TAMS 0x00000000c5300000, 0x00000000c5300000| Untracked 
|  30|0x00000000c5400000, 0x00000000c5500000, 0x00000000c5500000|100%| O|  |TAMS 0x00000000c5500000, 0x00000000c5400000| Untracked 
|  31|0x00000000c5500000, 0x00000000c5600000, 0x00000000c5600000|100%| O|  |TAMS 0x00000000c5600000, 0x00000000c5500000| Untracked 
|  32|0x00000000c5600000, 0x00000000c5600000, 0x00000000c5700000|  0%| F|  |TAMS 0x00000000c5600000, 0x00000000c5600000| Untracked 
|  33|0x00000000c5700000, 0x00000000c5700000, 0x00000000c5800000|  0%| F|  |TAMS 0x00000000c5700000, 0x00000000c5700000| Untracked 
|  34|0x00000000c5800000, 0x00000000c5900000, 0x00000000c5900000|100%| O|  |TAMS 0x00000000c5900000, 0x00000000c5800000| Untracked 
|  35|0x00000000c5900000, 0x00000000c5a00000, 0x00000000c5a00000|100%| O|  |TAMS 0x00000000c5a00000, 0x00000000c5900000| Untracked 
|  36|0x00000000c5a00000, 0x00000000c5b00000, 0x00000000c5b00000|100%| O|  |TAMS 0x00000000c5b00000, 0x00000000c5a00000| Untracked 
|  37|0x00000000c5b00000, 0x00000000c5c00000, 0x00000000c5c00000|100%| O|  |TAMS 0x00000000c5c00000, 0x00000000c5b00000| Untracked 
|  38|0x00000000c5c00000, 0x00000000c5c00000, 0x00000000c5d00000|  0%| F|  |TAMS 0x00000000c5c00000, 0x00000000c5c00000| Untracked 
|  39|0x00000000c5d00000, 0x00000000c5d54d20, 0x00000000c5e00000| 33%| S|CS|TAMS 0x00000000c5d00000, 0x00000000c5d00000| Complete 
|  40|0x00000000c5e00000, 0x00000000c5e00000, 0x00000000c5f00000|  0%| F|  |TAMS 0x00000000c5e00000, 0x00000000c5e00000| Untracked 
|  41|0x00000000c5f00000, 0x00000000c5f00000, 0x00000000c6000000|  0%| F|  |TAMS 0x00000000c5f00000, 0x00000000c5f00000| Untracked 
|  42|0x00000000c6000000, 0x00000000c6000000, 0x00000000c6100000|  0%| F|  |TAMS 0x00000000c6000000, 0x00000000c6000000| Untracked 
|  43|0x00000000c6100000, 0x00000000c6100000, 0x00000000c6200000|  0%| F|  |TAMS 0x00000000c6100000, 0x00000000c6100000| Untracked 
|  44|0x00000000c6200000, 0x00000000c6200000, 0x00000000c6300000|  0%| F|  |TAMS 0x00000000c6200000, 0x00000000c6200000| Untracked 
|  45|0x00000000c6300000, 0x00000000c6300000, 0x00000000c6400000|  0%| F|  |TAMS 0x00000000c6300000, 0x00000000c6300000| Untracked 
|  46|0x00000000c6400000, 0x00000000c6417b00, 0x00000000c6500000|  9%| E|  |TAMS 0x00000000c6400000, 0x00000000c6400000| Complete 
|  47|0x00000000c6500000, 0x00000000c6600000, 0x00000000c6600000|100%| E|CS|TAMS 0x00000000c6500000, 0x00000000c6500000| Complete 
|  48|0x00000000c6600000, 0x00000000c6700000, 0x00000000c6700000|100%| E|CS|TAMS 0x00000000c6600000, 0x00000000c6600000| Complete 
|  49|0x00000000c6700000, 0x00000000c6800000, 0x00000000c6800000|100%| E|CS|TAMS 0x00000000c6700000, 0x00000000c6700000| Complete 
|  50|0x00000000c6800000, 0x00000000c6900000, 0x00000000c6900000|100%| E|CS|TAMS 0x00000000c6800000, 0x00000000c6800000| Complete 
|  51|0x00000000c6900000, 0x00000000c6a00000, 0x00000000c6a00000|100%| E|CS|TAMS 0x00000000c6900000, 0x00000000c6900000| Complete 
|  52|0x00000000c6a00000, 0x00000000c6b00000, 0x00000000c6b00000|100%| E|CS|TAMS 0x00000000c6a00000, 0x00000000c6a00000| Complete 
|  53|0x00000000c6b00000, 0x00000000c6c00000, 0x00000000c6c00000|100%| E|CS|TAMS 0x00000000c6b00000, 0x00000000c6b00000| Complete 
|  54|0x00000000c6c00000, 0x00000000c6d00000, 0x00000000c6d00000|100%| E|CS|TAMS 0x00000000c6c00000, 0x00000000c6c00000| Complete 
|  55|0x00000000c6d00000, 0x00000000c6e00000, 0x00000000c6e00000|100%| E|CS|TAMS 0x00000000c6d00000, 0x00000000c6d00000| Complete 
|  56|0x00000000c6e00000, 0x00000000c6f00000, 0x00000000c6f00000|100%| E|CS|TAMS 0x00000000c6e00000, 0x00000000c6e00000| Complete 
|  57|0x00000000c6f00000, 0x00000000c7000000, 0x00000000c7000000|100%| E|CS|TAMS 0x00000000c6f00000, 0x00000000c6f00000| Complete 
|  61|0x00000000c7300000, 0x00000000c7400000, 0x00000000c7400000|100%| E|CS|TAMS 0x00000000c7300000, 0x00000000c7300000| Complete 

Card table byte_map: [0x000002a3f12e0000,0x000002a3f14d0000] _byte_map_base: 0x000002a3f0cc5000

Marking Bits (Prev, Next): (CMBitMap*) 0x000002a3e9801500, (CMBitMap*) 0x000002a3e98014c0
 Prev Bits: [0x000002a3f25f0000, 0x000002a3f3518000)
 Next Bits: [0x000002a3f16c0000, 0x000002a3f25e8000)

Polling page: 0x000002a3e75a0000

Metaspace:

Usage:
  Non-class:     51.16 MB used.
      Class:      7.42 MB used.
       Both:     58.58 MB used.

Virtual space:
  Non-class space:       64.00 MB reserved,      51.38 MB ( 80%) committed,  1 nodes.
      Class space:        1.00 GB reserved,       7.62 MB ( <1%) committed,  1 nodes.
             Both:        1.06 GB reserved,      59.00 MB (  5%) committed. 

Chunk freelists:
   Non-Class:  3.81 MB
       Class:  397.00 KB
        Both:  4.20 MB

MaxMetaspaceSize: unlimited
CompressedClassSpaceSize: 1.00 GB
Initial GC threshold: 21.00 MB
Current GC threshold: 98.38 MB
CDS: on
MetaspaceReclaimPolicy: balanced
 - commit_granule_bytes: 65536.
 - commit_granule_words: 8192.
 - virtual_space_node_default_size: 8388608.
 - enlarge_chunks_in_place: 1.
 - new_chunks_are_fully_committed: 0.
 - uncommit_free_chunks: 1.
 - use_allocation_guard: 0.


Internal statistics:

num_allocs_failed_limit: 6.
num_arena_births: 902.
num_arena_deaths: 370.
num_vsnodes_births: 2.
num_vsnodes_deaths: 0.
num_space_committed: 944.
num_space_uncommitted: 0.
num_chunks_returned_to_freelist: 394.
num_chunks_taken_from_freelist: 3044.
num_chunk_merges: 126.
num_chunk_splits: 1999.
num_chunks_enlarged: 1581.
num_inconsistent_stats: 0.

CodeHeap 'non-profiled nmethods': size=120000Kb used=4020Kb max_used=4020Kb free=115979Kb
 bounds [0x000002a387ad0000, 0x000002a387ec0000, 0x000002a38f000000]
CodeHeap 'profiled nmethods': size=120000Kb used=16302Kb max_used=16302Kb free=103697Kb
 bounds [0x000002a3805a0000, 0x000002a3815a0000, 0x000002a387ad0000]
CodeHeap 'non-nmethods': size=5760Kb used=1355Kb max_used=1392Kb free=4404Kb
 bounds [0x000002a380000000, 0x000002a380270000, 0x000002a3805a0000]
 total_blobs=8576 nmethods=7915 adapters=572
 compilation: enabled
              stopped_count=0, restarted_count=0
 full_count=0

Compilation events (20 events):
Event: 2776.756 Thread 0x000002a3f596ffb0 nmethod 9449 0x000002a38105ae90 code [0x000002a38105b160, 0x000002a38105c3b8]
Event: 2786.965 Thread 0x000002a3e987da30 9450       4       org.bson.BsonBoolean::getBsonType (4 bytes)
Event: 2786.968 Thread 0x000002a3e987da30 nmethod 9450 0x000002a387d16610 code [0x000002a387d16780, 0x000002a387d167f8]
Event: 2790.849 Thread 0x000002a3f596ffb0 9451       3       com.netflix.servo.monitor.LongGauge::set (14 bytes)
Event: 2790.852 Thread 0x000002a3f596ffb0 nmethod 9451 0x000002a380dbc910 code [0x000002a380dbcac0, 0x000002a380dbcc48]
Event: 2791.495 Thread 0x000002a3e987da30 9452       4       org.springframework.boot.devtools.filewatch.FileSystemWatcher$Watcher::isDifferent (105 bytes)
Event: 2791.667 Thread 0x000002a3e987da30 nmethod 9452 0x000002a387eb6790 code [0x000002a387eb6a80, 0x000002a387eb8d30]
Event: 2793.272 Thread 0x000002a3e987da30 9454       4       java.util.concurrent.locks.AbstractQueuedSynchronizer::acquire (20 bytes)
Event: 2793.276 Thread 0x000002a3e987da30 nmethod 9454 0x000002a387d16010 code [0x000002a387d161a0, 0x000002a387d16288]
Event: 2793.370 Thread 0x000002a3e987da30 9455       4       java.util.concurrent.atomic.AtomicLong::compareAndSet (13 bytes)
Event: 2793.372 Thread 0x000002a3e987da30 nmethod 9455 0x000002a387eba810 code [0x000002a387eba980, 0x000002a387ebaa18]
Event: 2806.982 Thread 0x000002a3e987da30 9456       4       org.bson.AbstractBsonReader::readEndDocument (122 bytes)
Event: 2807.018 Thread 0x000002a3e987da30 nmethod 9456 0x000002a387ebab10 code [0x000002a387ebacc0, 0x000002a387ebb1b8]
Event: 2817.548 Thread 0x000002a3e987da30 9457       4       java.util.TreeMap::put (221 bytes)
Event: 35319.599 Thread 0x000002a3e987da30 nmethod 9457 0x000002a387ebb590 code [0x000002a387ebb7a0, 0x000002a387ebc790]
Event: 35320.795 Thread 0x000002a3e987da30 9459       4       java.util.concurrent.ThreadPoolExecutor$Worker::unlock (7 bytes)
Event: 35320.839 Thread 0x000002a3f596ffb0 9462       3       java.util.concurrent.locks.AbstractQueuedSynchronizer::acquireInterruptibly (36 bytes)
Event: 35320.915 Thread 0x000002a3f596ffb0 nmethod 9462 0x000002a38105a690 code [0x000002a38105a880, 0x000002a38105ad38]
Event: 35321.025 Thread 0x000002a3e987da30 nmethod 9459 0x000002a387ebcf90 code [0x000002a387ebd120, 0x000002a387ebd288]
Event: 35321.029 Thread 0x000002a3e987da30 9461   !   4       java.util.concurrent.ThreadPoolExecutor::getTask (177 bytes)

GC Heap History (20 events):
Event: 826.180 GC heap before
{Heap before GC invocations=27 (full 0):
 garbage-first heap   total 60416K, used 49071K [0x00000000c3600000, 0x0000000100000000)
  region size 1024K, 16 young (16384K), 1 survivors (1024K)
 Metaspace       used 56213K, committed 56768K, reserved 1114112K
  class space    used 7261K, committed 7488K, reserved 1048576K
}
Event: 826.244 GC heap after
{Heap after GC invocations=28 (full 0):
 garbage-first heap   total 60416K, used 33711K [0x00000000c3600000, 0x0000000100000000)
  region size 1024K, 1 young (1024K), 1 survivors (1024K)
 Metaspace       used 56213K, committed 56768K, reserved 1114112K
  class space    used 7261K, committed 7488K, reserved 1048576K
}
Event: 853.592 GC heap before
{Heap before GC invocations=28 (full 0):
 garbage-first heap   total 60416K, used 34735K [0x00000000c3600000, 0x0000000100000000)
  region size 1024K, 2 young (2048K), 1 survivors (1024K)
 Metaspace       used 56226K, committed 56768K, reserved 1114112K
  class space    used 7261K, committed 7488K, reserved 1048576K
}
Event: 853.690 GC heap after
{Heap after GC invocations=29 (full 0):
 garbage-first heap   total 60416K, used 33131K [0x00000000c3600000, 0x0000000100000000)
  region size 1024K, 1 young (1024K), 1 survivors (1024K)
 Metaspace       used 56226K, committed 56768K, reserved 1114112K
  class space    used 7261K, committed 7488K, reserved 1048576K
}
Event: 1233.957 GC heap before
{Heap before GC invocations=29 (full 0):
 garbage-first heap   total 60416K, used 49515K [0x00000000c3600000, 0x0000000100000000)
  region size 1024K, 17 young (17408K), 1 survivors (1024K)
 Metaspace       used 56378K, committed 56896K, reserved 1114112K
  class space    used 7261K, committed 7488K, reserved 1048576K
}
Event: 1234.006 GC heap after
{Heap after GC invocations=30 (full 0):
 garbage-first heap   total 60416K, used 33333K [0x00000000c3600000, 0x0000000100000000)
  region size 1024K, 1 young (1024K), 1 survivors (1024K)
 Metaspace       used 56378K, committed 56896K, reserved 1114112K
  class space    used 7261K, committed 7488K, reserved 1048576K
}
Event: 1358.686 GC heap before
{Heap before GC invocations=31 (full 0):
 garbage-first heap   total 60416K, used 48693K [0x00000000c3600000, 0x0000000100000000)
  region size 1024K, 17 young (17408K), 1 survivors (1024K)
 Metaspace       used 58485K, committed 58944K, reserved 1114112K
  class space    used 7461K, committed 7680K, reserved 1048576K
}
Event: 1358.732 GC heap after
{Heap after GC invocations=32 (full 0):
 garbage-first heap   total 60416K, used 34775K [0x00000000c3600000, 0x0000000100000000)
  region size 1024K, 2 young (2048K), 2 survivors (2048K)
 Metaspace       used 58485K, committed 58944K, reserved 1114112K
  class space    used 7461K, committed 7680K, reserved 1048576K
}
Event: 1360.944 GC heap before
{Heap before GC invocations=32 (full 0):
 garbage-first heap   total 60416K, used 35799K [0x00000000c3600000, 0x0000000100000000)
  region size 1024K, 3 young (3072K), 2 survivors (2048K)
 Metaspace       used 58495K, committed 58944K, reserved 1114112K
  class space    used 7461K, committed 7680K, reserved 1048576K
}
Event: 1361.036 GC heap after
{Heap after GC invocations=33 (full 0):
 garbage-first heap   total 60416K, used 32457K [0x00000000c3600000, 0x0000000100000000)
  region size 1024K, 1 young (1024K), 1 survivors (1024K)
 Metaspace       used 58495K, committed 58944K, reserved 1114112K
  class space    used 7461K, committed 7680K, reserved 1048576K
}
Event: 1362.113 GC heap before
{Heap before GC invocations=33 (full 0):
 garbage-first heap   total 60416K, used 33481K [0x00000000c3600000, 0x0000000100000000)
  region size 1024K, 2 young (2048K), 1 survivors (1024K)
 Metaspace       used 58529K, committed 59008K, reserved 1114112K
  class space    used 7466K, committed 7680K, reserved 1048576K
}
Event: 1362.140 GC heap after
{Heap after GC invocations=34 (full 0):
 garbage-first heap   total 60416K, used 31325K [0x00000000c3600000, 0x0000000100000000)
  region size 1024K, 1 young (1024K), 1 survivors (1024K)
 Metaspace       used 58529K, committed 59008K, reserved 1114112K
  class space    used 7466K, committed 7680K, reserved 1048576K
}
Event: 1581.814 GC heap before
{Heap before GC invocations=34 (full 0):
 garbage-first heap   total 60416K, used 48733K [0x00000000c3600000, 0x0000000100000000)
  region size 1024K, 18 young (18432K), 1 survivors (1024K)
 Metaspace       used 59548K, committed 60032K, reserved 1114112K
  class space    used 7595K, committed 7808K, reserved 1048576K
}
Event: 1581.859 GC heap after
{Heap after GC invocations=35 (full 0):
 garbage-first heap   total 60416K, used 32158K [0x00000000c3600000, 0x0000000100000000)
  region size 1024K, 1 young (1024K), 1 survivors (1024K)
 Metaspace       used 59548K, committed 60032K, reserved 1114112K
  class space    used 7595K, committed 7808K, reserved 1048576K
}
Event: 2056.371 GC heap before
{Heap before GC invocations=36 (full 0):
 garbage-first heap   total 60416K, used 49566K [0x00000000c3600000, 0x0000000100000000)
  region size 1024K, 18 young (18432K), 1 survivors (1024K)
 Metaspace       used 59757K, committed 60224K, reserved 1114112K
  class space    used 7604K, committed 7808K, reserved 1048576K
}
Event: 2056.497 GC heap after
{Heap after GC invocations=37 (full 0):
 garbage-first heap   total 60416K, used 32234K [0x00000000c3600000, 0x0000000100000000)
  region size 1024K, 1 young (1024K), 1 survivors (1024K)
 Metaspace       used 59757K, committed 60224K, reserved 1114112K
  class space    used 7604K, committed 7808K, reserved 1048576K
}
Event: 2082.915 GC heap before
{Heap before GC invocations=37 (full 0):
 garbage-first heap   total 60416K, used 33258K [0x00000000c3600000, 0x0000000100000000)
  region size 1024K, 2 young (2048K), 1 survivors (1024K)
 Metaspace       used 59759K, committed 60224K, reserved 1114112K
  class space    used 7604K, committed 7808K, reserved 1048576K
}
Event: 2082.945 GC heap after
{Heap after GC invocations=38 (full 0):
 garbage-first heap   total 60416K, used 31811K [0x00000000c3600000, 0x0000000100000000)
  region size 1024K, 1 young (1024K), 1 survivors (1024K)
 Metaspace       used 59759K, committed 60224K, reserved 1114112K
  class space    used 7604K, committed 7808K, reserved 1048576K
}
Event: 2477.237 GC heap before
{Heap before GC invocations=38 (full 0):
 garbage-first heap   total 60416K, used 50243K [0x00000000c3600000, 0x0000000100000000)
  region size 1024K, 19 young (19456K), 1 survivors (1024K)
 Metaspace       used 59943K, committed 60416K, reserved 1114112K
  class space    used 7604K, committed 7808K, reserved 1048576K
}
Event: 2477.359 GC heap after
{Heap after GC invocations=39 (full 0):
 garbage-first heap   total 60416K, used 32010K [0x00000000c3600000, 0x0000000100000000)
  region size 1024K, 1 young (1024K), 1 survivors (1024K)
 Metaspace       used 59943K, committed 60416K, reserved 1114112K
  class space    used 7604K, committed 7808K, reserved 1048576K
}

Deoptimization events (20 events):
Event: 2483.669 Thread 0x000002a3fb1fd1f0 Uncommon trap: reason=profile_predicate action=maybe_recompile pc=0x000002a387d233b4 method=java.util.HashMap.valuesToArray([Ljava/lang/Object;)[Ljava/lang/Object; @ 36 c2
Event: 2483.669 Thread 0x000002a3fb1fd1f0 DEOPT PACKING pc=0x000002a387d233b4 sp=0x000000f5599ff020
Event: 2483.672 Thread 0x000002a3fb1fd1f0 DEOPT UNPACKING pc=0x000002a380055c23 sp=0x000000f5599fefb0 mode 2
Event: 2483.718 Thread 0x000002a3fb1fd1f0 Uncommon trap: trap_request=0xffffffbe fr.pc=0x000002a387d233b4 relative=0x0000000000000214
Event: 2483.718 Thread 0x000002a3fb1fd1f0 Uncommon trap: reason=profile_predicate action=maybe_recompile pc=0x000002a387d233b4 method=java.util.HashMap.valuesToArray([Ljava/lang/Object;)[Ljava/lang/Object; @ 36 c2
Event: 2483.718 Thread 0x000002a3fb1fd1f0 DEOPT PACKING pc=0x000002a387d233b4 sp=0x000000f5599fef60
Event: 2483.719 Thread 0x000002a3fb1fd1f0 DEOPT UNPACKING pc=0x000002a380055c23 sp=0x000000f5599feef0 mode 2
Event: 2495.682 Thread 0x000002a3fb1fe060 Uncommon trap: trap_request=0xffffffbe fr.pc=0x000002a387d233b4 relative=0x0000000000000214
Event: 2495.894 Thread 0x000002a3fb1fe060 Uncommon trap: reason=profile_predicate action=maybe_recompile pc=0x000002a387d233b4 method=java.util.HashMap.valuesToArray([Ljava/lang/Object;)[Ljava/lang/Object; @ 36 c2
Event: 2495.907 Thread 0x000002a3fb1fe060 DEOPT PACKING pc=0x000002a387d233b4 sp=0x000000f5598fee60
Event: 2495.936 Thread 0x000002a3fb1fe060 DEOPT UNPACKING pc=0x000002a380055c23 sp=0x000000f5598fedf0 mode 2
Event: 2646.633 Thread 0x000002a3fb1fd1f0 Uncommon trap: trap_request=0xffffff76 fr.pc=0x000002a387d1e9a4 relative=0x0000000000000204
Event: 2646.634 Thread 0x000002a3fb1fd1f0 Uncommon trap: reason=predicate action=maybe_recompile pc=0x000002a387d1e9a4 method=java.util.HashMap.valuesToArray([Ljava/lang/Object;)[Ljava/lang/Object; @ 48 c2
Event: 2646.634 Thread 0x000002a3fb1fd1f0 DEOPT PACKING pc=0x000002a387d1e9a4 sp=0x000000f5599ff110
Event: 2646.635 Thread 0x000002a3fb1fd1f0 DEOPT UNPACKING pc=0x000002a380055c23 sp=0x000000f5599ff0b8 mode 2
Event: 2700.797 Thread 0x000002a3fb306f00 DEOPT PACKING pc=0x000002a381336246 sp=0x000000f55acfe380
Event: 2700.798 Thread 0x000002a3fb306f00 DEOPT UNPACKING pc=0x000002a380056763 sp=0x000000f55acfd868 mode 0
Event: 35322.282 Thread 0x000002a3fb1fe060 Uncommon trap: trap_request=0xffffff45 fr.pc=0x000002a387c1c82c relative=0x000000000000102c
Event: 35322.283 Thread 0x000002a3fb1fe060 Uncommon trap: reason=unstable_if action=reinterpret pc=0x000002a387c1c82c method=java.util.concurrent.locks.AbstractQueuedSynchronizer.acquire(Ljava/util/concurrent/locks/AbstractQueuedSynchronizer$Node;IZZZJ)I @ 99 c2
Event: 35322.319 Thread 0x000002a3fb1fe060 DEOPT PACKING pc=0x000002a387c1c82c sp=0x000000f5598fefa0

Classes loaded (20 events):
Event: 1358.134 Loading class sun/security/ssl/PreSharedKeyExtension$CHPreSharedKeySpec done
Event: 1358.134 Loading class sun/security/ssl/PreSharedKeyExtension$PartialClientHelloMessage
Event: 1358.135 Loading class sun/security/ssl/PreSharedKeyExtension$PartialClientHelloMessage done
Event: 1358.135 Loading class sun/security/ssl/SSLEngineOutputRecord
Event: 1358.137 Loading class sun/security/ssl/SSLEngineOutputRecord done
Event: 1358.145 Loading class sun/security/ssl/SSLEngineOutputRecord$HandshakeFragment
Event: 1358.146 Loading class sun/security/ssl/SSLEngineOutputRecord$HandshakeFragment done
Event: 1358.146 Loading class sun/security/ssl/SSLEngineOutputRecord$HandshakeMemo
Event: 1358.146 Loading class sun/security/ssl/SSLEngineOutputRecord$RecordMemo
Event: 1358.147 Loading class sun/security/ssl/SSLEngineOutputRecord$RecordMemo done
Event: 1358.147 Loading class sun/security/ssl/SSLEngineOutputRecord$HandshakeMemo done
Event: 1361.602 Loading class com/sun/crypto/provider/HmacSHA1
Event: 1361.603 Loading class com/sun/crypto/provider/HmacSHA1 done
Event: 1363.732 Loading class sun/net/ConnectionResetException
Event: 1363.733 Loading class sun/net/ConnectionResetException done
Event: 1372.849 Loading class java/util/TreeMap$KeySpliterator
Event: 1372.850 Loading class java/util/TreeMap$KeySpliterator done
Event: 35319.694 Loading class sun/security/ssl/Alert
Event: 35321.881 Loading class sun/security/ssl/Alert done
Event: 35322.397 Loading class sun/security/ssl/Alert$AlertConsumer

Classes unloaded (20 events):
Event: 1234.269 Thread 0x000002a3e985b0d0 Unloading class 0x0000000800c8d000 'java/lang/invoke/LambdaForm$MH+0x0000000800c8d000'
Event: 1234.269 Thread 0x000002a3e985b0d0 Unloading class 0x0000000800c8cc00 'java/lang/invoke/LambdaForm$MH+0x0000000800c8cc00'
Event: 1234.269 Thread 0x000002a3e985b0d0 Unloading class 0x0000000800c39c00 'java/lang/invoke/LambdaForm$MH+0x0000000800c39c00'
Event: 1234.269 Thread 0x000002a3e985b0d0 Unloading class 0x0000000800c10000 'java/lang/invoke/LambdaForm$MH+0x0000000800c10000'
Event: 1234.269 Thread 0x000002a3e985b0d0 Unloading class 0x0000000800c03800 'java/lang/invoke/LambdaForm$MH+0x0000000800c03800'
Event: 1234.269 Thread 0x000002a3e985b0d0 Unloading class 0x0000000800c03400 'java/lang/invoke/LambdaForm$MH+0x0000000800c03400'
Event: 1234.269 Thread 0x000002a3e985b0d0 Unloading class 0x0000000800c03000 'java/lang/invoke/LambdaForm$MH+0x0000000800c03000'
Event: 1234.269 Thread 0x000002a3e985b0d0 Unloading class 0x0000000800c02400 'java/lang/invoke/LambdaForm$MH+0x0000000800c02400'
Event: 1582.271 Thread 0x000002a3e985b0d0 Unloading class 0x000000080130c800 'java/lang/invoke/LambdaForm$MH+0x000000080130c800'
Event: 2478.118 Thread 0x000002a3e985b0d0 Unloading class 0x000000080139a800 'java/lang/invoke/LambdaForm$MH+0x000000080139a800'
Event: 2478.118 Thread 0x000002a3e985b0d0 Unloading class 0x000000080139a400 'java/lang/invoke/LambdaForm$MH+0x000000080139a400'
Event: 2478.118 Thread 0x000002a3e985b0d0 Unloading class 0x0000000800f14000 'java/lang/invoke/LambdaForm$MH+0x0000000800f14000'
Event: 2478.118 Thread 0x000002a3e985b0d0 Unloading class 0x0000000800f14800 'java/lang/invoke/LambdaForm$BMH+0x0000000800f14800'
Event: 2478.119 Thread 0x000002a3e985b0d0 Unloading class 0x00000008011a1400 'java/lang/invoke/LambdaForm$MH+0x00000008011a1400'
Event: 2478.119 Thread 0x000002a3e985b0d0 Unloading class 0x00000008011a2800 'java/lang/invoke/LambdaForm$BMH+0x00000008011a2800'
Event: 2478.119 Thread 0x000002a3e985b0d0 Unloading class 0x0000000801224400 'java/lang/invoke/LambdaForm$BMH+0x0000000801224400'
Event: 2478.119 Thread 0x000002a3e985b0d0 Unloading class 0x000000080128a800 'java/lang/invoke/LambdaForm$MH+0x000000080128a800'
Event: 2478.119 Thread 0x000002a3e985b0d0 Unloading class 0x000000080130cc00 'java/lang/invoke/LambdaForm$MH+0x000000080130cc00'
Event: 2478.119 Thread 0x000002a3e985b0d0 Unloading class 0x0000000801312400 'java/lang/invoke/LambdaForm$MH+0x0000000801312400'
Event: 2478.119 Thread 0x000002a3e985b0d0 Unloading class 0x0000000801314800 'java/lang/invoke/LambdaForm$MH+0x0000000801314800'

Classes redefined (0 events):
No events

Internal exceptions (20 events):
Event: 1352.887 Thread 0x000002a3fb308240 Exception <a 'java/lang/NoSuchMethodError'{0x00000000c66d9f70}: 'void java.lang.invoke.DirectMethodHandle$Holder.invokeVirtual(java.lang.Object, java.lang.Object, double)'> (0x00000000c66d9f70) 
thrown [s\open\src\hotspot\share\interpreter\linkResolver.cpp, line 759]
Event: 1352.891 Thread 0x000002a3fb308240 Implicit null exception at 0x000002a387d6604b to 0x000002a387d66174
Event: 1352.898 Thread 0x000002a3fb308240 Exception <a 'java/lang/NoSuchMethodError'{0x00000000c66e5588}: 'double java.lang.invoke.DelegatingMethodHandle$Holder.reinvoke_L(java.lang.Object, java.lang.Object, int)'> (0x00000000c66e5588) 
thrown [s\open\src\hotspot\share\interpreter\linkResolver.cpp, line 759]
Event: 1352.906 Thread 0x000002a3fb308240 Exception <a 'java/lang/NoSuchMethodError'{0x00000000c66f0510}: 'void java.lang.invoke.DelegatingMethodHandle$Holder.reinvoke_L(java.lang.Object, java.lang.Object, double)'> (0x00000000c66f0510) 
thrown [s\open\src\hotspot\share\interpreter\linkResolver.cpp, line 759]
Event: 1353.165 Thread 0x000002a3fb308240 Exception <a 'java/lang/NoSuchMethodError'{0x00000000c645a460}: 'double java.lang.invoke.DelegatingMethodHandle$Holder.reinvoke_L(java.lang.Object, java.lang.Object)'> (0x00000000c645a460) 
thrown [s\open\src\hotspot\share\interpreter\linkResolver.cpp, line 759]
Event: 1361.816 Thread 0x000002a3fb1fd6c0 Implicit null exception at 0x000002a387eb234b to 0x000002a387eb2c94
Event: 1362.565 Thread 0x000002a3fb1fd6c0 Exception <a 'java/lang/NoSuchMethodError'{0x00000000c6f4bff0}: 'java.lang.Object java.lang.invoke.DirectMethodHandle$Holder.newInvokeSpecial(java.lang.Object, double)'> (0x00000000c6f4bff0) 
thrown [s\open\src\hotspot\share\interpreter\linkResolver.cpp, line 759]
Event: 1362.566 Thread 0x000002a3fb1fd6c0 Exception <a 'java/lang/NoSuchMethodError'{0x00000000c6f519e0}: 'void java.lang.invoke.DirectMethodHandle$Holder.invokeSpecial(java.lang.Object, java.lang.Object, double)'> (0x00000000c6f519e0) 
thrown [s\open\src\hotspot\share\interpreter\linkResolver.cpp, line 759]
Event: 1362.566 Thread 0x000002a3fb1fd6c0 Exception <a 'java/lang/NoSuchMethodError'{0x00000000c6f59718}: 'java.lang.Object java.lang.invoke.DirectMethodHandle$Holder.newInvokeSpecial(java.lang.Object, java.lang.Object, double)'> (0x00000000c6f59718) 
thrown [s\open\src\hotspot\share\interpreter\linkResolver.cpp, line 759]
Event: 1362.567 Thread 0x000002a3fb1fd6c0 Exception <a 'java/lang/NoSuchMethodError'{0x00000000c6f5f128}: 'java.lang.Object java.lang.invoke.DirectMethodHandle$Holder.invokeSpecial(java.lang.Object, java.lang.Object, java.lang.Object, double)'> (0x00000000c6f5f128) 
thrown [s\open\src\hotspot\share\interpreter\linkResolver.cpp, line 759]
Event: 1363.717 Thread 0x000002a3fb1fd6c0 Exception <a 'java/lang/NoSuchMethodError'{0x00000000c6fbe180}: 'void java.lang.invoke.Invokers$Holder.invoke_MT(java.lang.Object, java.lang.Object, java.lang.Object, java.lang.Object)'> (0x00000000c6fbe180) 
thrown [s\open\src\hotspot\share\interpreter\linkResolver.cpp, line 759]
Event: 1363.732 Thread 0x000002a3fb1fd6c0 Exception <a 'java/io/IOException'{0x00000000c6fe3258}> (0x00000000c6fe3258) 
thrown [s\open\src\hotspot\share\prims\jni.cpp, line 516]
Event: 1364.487 Thread 0x000002a3fb308240 Exception <a 'java/io/IOException'{0x00000000c6c0c408}> (0x00000000c6c0c408) 
thrown [s\open\src\hotspot\share\prims\jni.cpp, line 516]
Event: 1364.757 Thread 0x000002a3fb308710 Exception <a 'java/io/IOException'{0x00000000c6c13068}> (0x00000000c6c13068) 
thrown [s\open\src\hotspot\share\prims\jni.cpp, line 516]
Event: 1373.119 Thread 0x000002a3fb30a8c0 Exception <a 'java/lang/NoSuchMethodError'{0x00000000c6904188}: 'double java.lang.invoke.DirectMethodHandle$Holder.invokeVirtual(java.lang.Object, java.lang.Object)'> (0x00000000c6904188) 
thrown [s\open\src\hotspot\share\interpreter\linkResolver.cpp, line 759]
Event: 1658.982 Thread 0x000002a3fb306090 Implicit null exception at 0x000002a387bbefbd to 0x000002a387bbf07a
Event: 35319.665 Thread 0x000002a3fb1feed0 Exception <a 'sun/net/ConnectionResetException'{0x00000000c66e5478}: Connection reset> (0x00000000c66e5478) 
thrown [s\open\src\hotspot\share\prims\jni.cpp, line 535]
Event: 35320.051 Thread 0x000002a3fb1fe530 Exception <a 'sun/net/ConnectionResetException'{0x00000000c66ef6d0}: Connection reset> (0x00000000c66ef6d0) 
thrown [s\open\src\hotspot\share\prims\jni.cpp, line 535]
Event: 35320.216 Thread 0x000002a3fb1ff870 Exception <a 'sun/net/ConnectionResetException'{0x00000000c66ea1b8}: Connection reset> (0x00000000c66ea1b8) 
thrown [s\open\src\hotspot\share\prims\jni.cpp, line 535]
Event: 35321.923 Thread 0x000002a3fb1ff3a0 Exception <a 'java/io/IOException'{0x00000000c66f8bc0}: Connection reset by peer> (0x00000000c66f8bc0) 
thrown [s\open\src\hotspot\share\prims\jni.cpp, line 535]

VM Operations (20 events):
Event: 2570.258 Executing VM operation: Cleanup
Event: 2570.262 Executing VM operation: Cleanup done
Event: 2587.441 Executing VM operation: Cleanup
Event: 2587.471 Executing VM operation: Cleanup done
Event: 2596.541 Executing VM operation: Cleanup
Event: 2596.546 Executing VM operation: Cleanup done
Event: 2613.680 Executing VM operation: Cleanup
Event: 2613.682 Executing VM operation: Cleanup done
Event: 2640.950 Executing VM operation: Cleanup
Event: 2640.950 Executing VM operation: Cleanup done
Event: 2643.986 Executing VM operation: Cleanup
Event: 2643.986 Executing VM operation: Cleanup done
Event: 2647.001 Executing VM operation: Cleanup
Event: 2647.001 Executing VM operation: Cleanup done
Event: 2761.102 Executing VM operation: Cleanup
Event: 2761.104 Executing VM operation: Cleanup done
Event: 2795.449 Executing VM operation: Cleanup
Event: 2795.449 Executing VM operation: Cleanup done
Event: 35321.061 Executing VM operation: Cleanup
Event: 35322.093 Executing VM operation: Cleanup done

Events (20 events):
Event: 1364.155 Thread 0x000002a3f598e870 flushing nmethod 0x000002a381470a10
Event: 1364.155 Thread 0x000002a3f598e870 flushing nmethod 0x000002a381487210
Event: 1364.155 Thread 0x000002a3f598e870 flushing nmethod 0x000002a381497790
Event: 1364.155 Thread 0x000002a3f598e870 flushing nmethod 0x000002a381499d90
Event: 1364.155 Thread 0x000002a3f598e870 flushing nmethod 0x000002a3814ae690
Event: 1364.155 Thread 0x000002a3f598e870 flushing nmethod 0x000002a3814c9210
Event: 1364.155 Thread 0x000002a3f598e870 flushing nmethod 0x000002a3814ce990
Event: 1364.155 Thread 0x000002a3f598e870 flushing nmethod 0x000002a3814dd310
Event: 1364.155 Thread 0x000002a3f598e870 flushing nmethod 0x000002a3814e3910
Event: 1364.155 Thread 0x000002a3f598e870 flushing nmethod 0x000002a381511510
Event: 1364.155 Thread 0x000002a3f598e870 flushing nmethod 0x000002a38154f790
Event: 1364.155 Thread 0x000002a3f598e870 flushing nmethod 0x000002a381551490
Event: 1364.155 Thread 0x000002a3f598e870 flushing nmethod 0x000002a381569010
Event: 1364.155 Thread 0x000002a3f598e870 flushing nmethod 0x000002a381569490
Event: 1364.155 Thread 0x000002a3f598e870 flushing nmethod 0x000002a381569990
Event: 1364.155 Thread 0x000002a3f598e870 flushing nmethod 0x000002a38156d110
Event: 1364.155 Thread 0x000002a3f598e870 flushing nmethod 0x000002a38156e490
Event: 1364.155 Thread 0x000002a3f598e870 flushing nmethod 0x000002a38156f210
Event: 1372.479 Thread 0x000002a3fb3090b0 Thread added: 0x000002a3fb3090b0
Event: 1372.667 Thread 0x000002a3fb30a8c0 Thread added: 0x000002a3fb30a8c0


Dynamic libraries:
0x00007ff641500000 - 0x00007ff64150e000 	C:\Users\ADMIN\.jdks\openjdk-18.0.2.1\bin\java.exe
0x00007ff91e600000 - 0x00007ff91e809000 	C:\WINDOWS\SYSTEM32\ntdll.dll
0x00007ff91dad0000 - 0x00007ff91db8d000 	C:\WINDOWS\System32\KERNEL32.DLL
0x00007ff91bd80000 - 0x00007ff91c0fc000 	C:\WINDOWS\System32\KERNELBASE.dll
0x00007ff91c1a0000 - 0x00007ff91c2b1000 	C:\WINDOWS\System32\ucrtbase.dll
0x00007ff904810000 - 0x00007ff904827000 	C:\Users\ADMIN\.jdks\openjdk-18.0.2.1\bin\jli.dll
0x00007ff902d80000 - 0x00007ff902d9a000 	C:\Users\ADMIN\.jdks\openjdk-18.0.2.1\bin\VCRUNTIME140.dll
0x00007ff91e220000 - 0x00007ff91e3cd000 	C:\WINDOWS\System32\USER32.dll
0x00007ff91c340000 - 0x00007ff91c366000 	C:\WINDOWS\System32\win32u.dll
0x00007ff91e590000 - 0x00007ff91e5b9000 	C:\WINDOWS\System32\GDI32.dll
0x00007ff91c370000 - 0x00007ff91c489000 	C:\WINDOWS\System32\gdi32full.dll
0x00007ff9079e0000 - 0x00007ff907c85000 	C:\WINDOWS\WinSxS\amd64_microsoft.windows.common-controls_6595b64144ccf1df_6.0.22000.120_none_9d947278b86cc467\COMCTL32.dll
0x00007ff91c100000 - 0x00007ff91c19d000 	C:\WINDOWS\System32\msvcp_win.dll
0x00007ff91e430000 - 0x00007ff91e4d3000 	C:\WINDOWS\System32\msvcrt.dll
0x00007ff91de40000 - 0x00007ff91de71000 	C:\WINDOWS\System32\IMM32.DLL
0x00007ff918040000 - 0x00007ff91804c000 	C:\Users\ADMIN\.jdks\openjdk-18.0.2.1\bin\vcruntime140_1.dll
0x00007ff8f44a0000 - 0x00007ff8f452d000 	C:\Users\ADMIN\.jdks\openjdk-18.0.2.1\bin\msvcp140.dll
0x00007ff8dcb90000 - 0x00007ff8dd7a1000 	C:\Users\ADMIN\.jdks\openjdk-18.0.2.1\bin\server\jvm.dll
0x00007ff91dc40000 - 0x00007ff91dcee000 	C:\WINDOWS\System32\ADVAPI32.dll
0x00007ff91e4f0000 - 0x00007ff91e58e000 	C:\WINDOWS\System32\sechost.dll
0x00007ff91d9b0000 - 0x00007ff91dad0000 	C:\WINDOWS\System32\RPCRT4.dll
0x00007ff91e0c0000 - 0x00007ff91e0c8000 	C:\WINDOWS\System32\PSAPI.DLL
0x00007ff9142a0000 - 0x00007ff9142d3000 	C:\WINDOWS\SYSTEM32\WINMM.dll
0x00007ff90e9a0000 - 0x00007ff90e9aa000 	C:\WINDOWS\SYSTEM32\VERSION.dll
0x00007ff8fd9b0000 - 0x00007ff8fd9b9000 	C:\WINDOWS\SYSTEM32\WSOCK32.dll
0x00007ff91dcf0000 - 0x00007ff91dd5f000 	C:\WINDOWS\System32\WS2_32.dll
0x00007ff91abd0000 - 0x00007ff91abe8000 	C:\WINDOWS\SYSTEM32\kernel.appcore.dll
0x00007ff905db0000 - 0x00007ff905dba000 	C:\Users\ADMIN\.jdks\openjdk-18.0.2.1\bin\jimage.dll
0x00007ff919880000 - 0x00007ff919aa1000 	C:\WINDOWS\SYSTEM32\DBGHELP.DLL
0x00007ff900300000 - 0x00007ff900331000 	C:\WINDOWS\SYSTEM32\dbgcore.DLL
0x00007ff91c2c0000 - 0x00007ff91c33f000 	C:\WINDOWS\System32\bcryptPrimitives.dll
0x00007ff915210000 - 0x00007ff91521e000 	C:\Users\ADMIN\.jdks\openjdk-18.0.2.1\bin\instrument.dll
0x00007ff902d50000 - 0x00007ff902d75000 	C:\Users\ADMIN\.jdks\openjdk-18.0.2.1\bin\java.dll
0x00007ff8f43c0000 - 0x00007ff8f4496000 	C:\Users\ADMIN\.jdks\openjdk-18.0.2.1\bin\jsvml.dll
0x00007ff91d040000 - 0x00007ff91d7f8000 	C:\WINDOWS\System32\SHELL32.dll
0x00007ff919c40000 - 0x00007ff91a4a8000 	C:\WINDOWS\SYSTEM32\windows.storage.dll
0x00007ff91cc00000 - 0x00007ff91cf79000 	C:\WINDOWS\System32\combase.dll
0x00007ff919ad0000 - 0x00007ff919c36000 	C:\WINDOWS\SYSTEM32\wintypes.dll
0x00007ff91e0d0000 - 0x00007ff91e1ba000 	C:\WINDOWS\System32\SHCORE.dll
0x00007ff91e1c0000 - 0x00007ff91e21d000 	C:\WINDOWS\System32\shlwapi.dll
0x00007ff91ba10000 - 0x00007ff91ba31000 	C:\WINDOWS\SYSTEM32\profapi.dll
0x00007ff8fea40000 - 0x00007ff8fea58000 	C:\Users\ADMIN\.jdks\openjdk-18.0.2.1\bin\zip.dll
0x00007ff902650000 - 0x00007ff902663000 	C:\Users\ADMIN\.jdks\openjdk-18.0.2.1\bin\net.dll
0x00007ff915650000 - 0x00007ff91575c000 	C:\WINDOWS\SYSTEM32\WINHTTP.dll
0x00007ff91b000000 - 0x00007ff91b067000 	C:\WINDOWS\system32\mswsock.dll
0x00007ff8fea60000 - 0x00007ff8fea76000 	C:\Users\ADMIN\.jdks\openjdk-18.0.2.1\bin\nio.dll
0x00007ff8f6780000 - 0x00007ff8f679a000 	C:\Program Files\JetBrains\IntelliJ IDEA Community Edition 2022.2\bin\breakgen64.dll
0x00007ff902640000 - 0x00007ff902650000 	C:\Users\ADMIN\.jdks\openjdk-18.0.2.1\bin\verify.dll
0x00007ff9144c0000 - 0x00007ff9144c9000 	C:\Users\ADMIN\.jdks\openjdk-18.0.2.1\bin\management.dll
0x00007ff9144b0000 - 0x00007ff9144bb000 	C:\Users\ADMIN\.jdks\openjdk-18.0.2.1\bin\management_ext.dll
0x00007ff91a700000 - 0x00007ff91a72d000 	C:\WINDOWS\SYSTEM32\IPHLPAPI.DLL
0x00007ff91d010000 - 0x00007ff91d019000 	C:\WINDOWS\System32\NSI.dll
0x00007ff915810000 - 0x00007ff915829000 	C:\WINDOWS\SYSTEM32\dhcpcsvc6.DLL
0x00007ff9159b0000 - 0x00007ff9159ce000 	C:\WINDOWS\SYSTEM32\dhcpcsvc.DLL
0x00007ff91a730000 - 0x00007ff91a818000 	C:\WINDOWS\SYSTEM32\DNSAPI.dll
0x00007ff9020e0000 - 0x00007ff9020ea000 	C:\Windows\System32\rasadhlp.dll
0x00007ff90ead0000 - 0x00007ff90eb51000 	C:\WINDOWS\System32\fwpuclnt.dll
0x00007ff8ff500000 - 0x00007ff8ff517000 	C:\WINDOWS\system32\napinsp.dll
0x00007ff8ff4e0000 - 0x00007ff8ff4fb000 	C:\WINDOWS\system32\pnrpnsp.dll
0x00007ff8ff4c0000 - 0x00007ff8ff4d2000 	C:\WINDOWS\System32\winrnr.dll
0x00007ff8fe920000 - 0x00007ff8fe935000 	C:\WINDOWS\system32\wshbth.dll
0x00007ff8fe900000 - 0x00007ff8fe91f000 	C:\WINDOWS\system32\nlansp_c.dll
0x00007ff91b240000 - 0x00007ff91b258000 	C:\WINDOWS\SYSTEM32\CRYPTSP.dll
0x00007ff91ab30000 - 0x00007ff91ab65000 	C:\WINDOWS\system32\rsaenh.dll
0x00007ff91b0f0000 - 0x00007ff91b119000 	C:\WINDOWS\SYSTEM32\USERENV.dll
0x00007ff91b3d0000 - 0x00007ff91b3f7000 	C:\WINDOWS\SYSTEM32\bcrypt.dll
0x00007ff91b260000 - 0x00007ff91b26c000 	C:\WINDOWS\SYSTEM32\CRYPTBASE.dll
0x00007ff9178c0000 - 0x00007ff9178ce000 	C:\Users\ADMIN\.jdks\openjdk-18.0.2.1\bin\sunmscapi.dll
0x00007ff91bba0000 - 0x00007ff91bd02000 	C:\WINDOWS\System32\CRYPT32.dll
0x00007ff91b3a0000 - 0x00007ff91b3c8000 	C:\WINDOWS\SYSTEM32\ncrypt.dll
0x00007ff91b360000 - 0x00007ff91b397000 	C:\WINDOWS\SYSTEM32\NTASN1.dll

dbghelp: loaded successfully - version: 4.0.5 - missing functions: none
symbol engine: initialized successfully - sym options: 0x614 - pdb path: .;C:\Users\ADMIN\.jdks\openjdk-18.0.2.1\bin;C:\WINDOWS\SYSTEM32;C:\WINDOWS\WinSxS\amd64_microsoft.windows.common-controls_6595b64144ccf1df_6.0.22000.120_none_9d947278b86cc467;C:\Users\ADMIN\.jdks\openjdk-18.0.2.1\bin\server;C:\Program Files\JetBrains\IntelliJ IDEA Community Edition 2022.2\bin

VM Arguments:
jvm_args: -javaagent:C:\Program Files\JetBrains\IntelliJ IDEA Community Edition 2022.2\lib\idea_rt.jar=4540:C:\Program Files\JetBrains\IntelliJ IDEA Community Edition 2022.2\bin -Dfile.encoding=UTF-8 
java_command: com.systemfarmer.FarmerMicroserviceApplication
java_class_path (initial): C:\Users\ADMIN\Downloads\CropDealApp-main\CropDealApp-main\FarmerMicroservice\target\classes;C:\Users\ADMIN\.m2\repository\io\springfox\springfox-swagger-ui\2.9.2\springfox-swagger-ui-2.9.2.jar;C:\Users\ADMIN\.m2\repository\io\springfox\springfox-spring-web\2.9.2\springfox-spring-web-2.9.2.jar;C:\Users\ADMIN\.m2\repository\io\springfox\springfox-swagger2\2.9.2\springfox-swagger2-2.9.2.jar;C:\Users\ADMIN\.m2\repository\io\swagger\swagger-annotations\1.5.20\swagger-annotations-1.5.20.jar;C:\Users\ADMIN\.m2\repository\io\swagger\swagger-models\1.5.20\swagger-models-1.5.20.jar;C:\Users\ADMIN\.m2\repository\com\fasterxml\jackson\core\jackson-annotations\2.12.4\jackson-annotations-2.12.4.jar;C:\Users\ADMIN\.m2\repository\io\springfox\springfox-spi\2.9.2\springfox-spi-2.9.2.jar;C:\Users\ADMIN\.m2\repository\io\springfox\springfox-core\2.9.2\springfox-core-2.9.2.jar;C:\Users\ADMIN\.m2\repository\io\springfox\springfox-schema\2.9.2\springfox-schema-2.9.2.jar;C:\Users\ADMIN\.m2\repository\io\springfox\springfox-swagger-common\2.9.2\springfox-swagger-common-2.9.2.jar;C:\Users\ADMIN\.m2\repository\com\google\guava\guava\20.0\guava-20.0.jar;C:\Users\ADMIN\.m2\repository\com\fasterxml\classmate\1.5.1\classmate-1.5.1.jar;C:\Users\ADMIN\.m2\repository\org\slf4j\slf4j-api\1.7.32\slf4j-api-1.7.32.jar;C:\Users\ADMIN\.m2\repository\org\springframework\plugin\spring-plugin-core\1.2.0.RELEASE\spring-plugin-core-1.2.0.RELEASE.jar;C:\Users\ADMIN\.m2\repository\org\springframework\spring-beans\5.3.9\spring-beans-5.3.9.jar;C:\Users\ADMIN\.m2\repository\org\springframework\spring-context\5.3.9\spring-context-5.3.9.jar;C:\Users\ADMIN\.m2\repository\org\springframework\spring-aop\5.3.9\spring-aop-5.3.9.jar;C:\Users\ADMIN\.m2\repository\org\springframework\plugin\spring-plugin-metadata\1.2.0.RELEASE\spring-plugin-metadata-1.2.0.RELEASE.jar;C:\Users\ADMIN\.m2\repository\org\mapstruct\mapstruct\1.2.0.Final\mapstruct-1.2.0.Final.jar;C:\Users\ADMIN\.m2\repository\org\springframework\boot\spring-boot-starter-data-mongodb\2.5.4\spring-boot-starter-data-mongodb-2.5.4.jar;C:\Users\ADMIN\.m2\repository\org\springframework\boot\spring-boot-starter\2.5.4\spring-boot-starter-2.5.4.jar;C:\Users\ADMIN\.m2\repository\org\springframework\boot\spring-boot-starter-logging\2.5.4\spring-boot-starter-logging-2.5.4.jar;C:\Users\ADMIN\.m2\repository\ch\qos\logback\logback-classic\1.2.5\logback-classic-1.2.5.jar;C:\Users\ADMIN\.m2\repository\ch\qos\logback\logback-core\1.2.5\logback-core-1.2.5.jar;C:\Users\ADMIN\.m2\repository\org\apache\logging\log4j\log4j-to-slf4j\2.14.1\log4j-to-slf4j-2.14.1.jar;C:\Users\ADMIN\.m2\repository\org\apache\logging\log4j\log4j-api\2.14.1\log4j-api-2.14.1.jar;C:\Users\ADMIN\.m2\repository\org\slf4j\jul-to-slf4j\1.7.32\jul-to-slf4j-1.7.32.jar;C:\Users\ADMIN\.m2\repository\jakarta\annotation\jakarta.annotation-api\1.3.5\jakarta.annotation-api-1.3.5.jar;C:\Users\ADMIN\.m2\repository\org\yaml\snakeyaml\1.28\snakeyaml-1.28.jar;C:\Users\ADMIN\.m2\repository\org\mongodb\mongodb-driver-sync\4.2.3\mongodb-driver-sync-4.2.3.jar;C:\Users\ADMIN\.m2\repository\org\mongodb\bson\4.2.3\bson-4.2.3.jar;C:\Users\ADMIN\.m2\repository\org\mongodb\mongodb-driver-core\4.2.3\mongodb-driver-core-4.2.3.jar;C:\Users\ADMIN\.m2\repository\org\springframework\data\spring-data-mongodb\3.2.4\spring-data-mongodb-3.2.4.jar;C:\Users\ADMIN\.m2\repository\org\springframework\spring-tx\5.3.9\spring-tx-5.3.9.jar;C:\Users\ADMIN\.m2\repository\org\springframework\spring-expression\5.3.9\spring-expression-5.3.9.jar;C:\Users\ADMIN\.m2\repository\org\springframework\data\spring-data-commons\2.5.4\spring-data-commons-2.5.4.jar;C:\Users\ADMIN\.m2\repository\org\springframework\boot\spring-boot-starter-web\2.5.4\spring-boot-starter-web-2.5.4.jar;C:\Users\ADMIN\.m2\repository\org\springframework\boot\spring-boot-starter-json\2.5.4\spring-boot-starter-json-2.5.4.jar;C:\Users\ADMIN\.m2\repository\com\fasterxml\jackson\core\jackson-databind\2.12.4\jackson-databind-2.12.4.jar;C:\Users\ADMIN\.m2\repository\com\fasterxml\jackson\datatype\jackson-datatype-jdk8\2.12.4\jackson-datatype-jdk8-2.12.4.jar;C:\Users\ADMIN\.m2\repository\com\fasterxml\jackson\datatype\jackson-datatype-jsr310\2.12.4\jackson-datatype-jsr310-2.12.4.jar;C:\Users\ADMIN\.m2\repository\com\fasterxml\jackson\module\jackson-module-parameter-names\2.12.4\jackson-module-parameter-names-2.12.4.jar;C:\Users\ADMIN\.m2\repository\org\springframework\boot\spring-boot-starter-tomcat\2.5.4\spring-boot-starter-tomcat-2.5.4.jar;C:\Users\ADMIN\.m2\repository\org\apache\tomcat\embed\tomcat-embed-core\9.0.52\tomcat-embed-core-9.0.52.jar;C:\Users\ADMIN\.m2\repository\org\apache\tomcat\embed\tomcat-embed-el\9.0.52\tomcat-embed-el-9.0.52.jar;C:\Users\ADMIN\.m2\repository\org\apache\tomcat\embed\tomcat-embed-websocket\9.0.52\tomcat-embed-websocket-9.0.52.jar;C:\Users\ADMIN\.m2\repository\org\springframework\spring-web\5.3.9\spring-web-5.3.9.jar;C:\Users\ADMIN\.m2\repository\org\springframework\spring-webmvc\5.3.9\spring-webmvc-5.3.9.jar;C:\Users\ADMIN\.m2\repository\org\springframework\boot\spring-boot-devtools\2.5.4\spring-boot-devtools-2.5.4.jar;C:\Users\ADMIN\.m2\repository\org\springframework\boot\spring-boot\2.5.4\spring-boot-2.5.4.jar;C:\Users\ADMIN\.m2\repository\org\springframework\boot\spring-boot-autoconfigure\2.5.4\spring-boot-autoconfigure-2.5.4.jar;C:\Users\ADMIN\.m2\repository\org\springframework\cloud\spring-cloud-starter-netflix-eureka-client\3.0.2\spring-cloud-starter-netflix-eureka-client-3.0.2.jar;C:\Users\ADMIN\.m2\repository\org\springframework\cloud\spring-cloud-starter\3.0.2\spring-cloud-starter-3.0.2.jar;C:\Users\ADMIN\.m2\repository\org\springframework\cloud\spring-cloud-context\3.0.2\spring-cloud-context-3.0.2.jar;C:\Users\ADMIN\.m2\repository\org\springframework\security\spring-security-crypto\5.5.2\spring-security-crypto-5.5.2.jar;C:\Users\ADMIN\.m2\repository\org\springframework\cloud\spring-cloud-commons\3.0.2\spring-cloud-commons-3.0.2.jar;C:\Users\ADMIN\.m2\repository\org\springframework\security\spring-security-rsa\1.0.9.RELEASE\spring-security-rsa-1.0.9.RELEASE.jar;C:\Users\ADMIN\.m2\repository\org\bouncycastle\bcpkix-jdk15on\1.64\bcpkix-jdk15on-1.64.jar;C:\Users\ADMIN\.m2\repository\org\bouncycastle\bcprov-jdk15on\1.64\bcprov-jdk15on-1.64.jar;C:\Users\ADMIN\.m2\repository\org\springframework\cloud\spring-cloud-netflix-eureka-client\3.0.2\spring-cloud-netflix-eureka-client-3.0.2.jar;C:\Users\ADMIN\.m2\repository\com\netflix\eureka\eureka-client\1.10.11\eureka-client-1.10.11.jar;C:\Users\ADMIN\.m2\repository\com\netflix\netflix-commons\netflix-eventbus\0.3.0\netflix-eventbus-0.3.0.jar;C:\Users\ADMIN\.m2\repository\com\netflix\netflix-commons\netflix-infix\0.3.0\netflix-infix-0.3.0.jar;C:\Users\ADMIN\.m2\repository\commons-jxpath\commons-jxpath\1.3\commons-jxpath-1.3.jar;C:\Users\ADMIN\.m2\repository\joda-time\joda-time\2.3\joda-time-2.3.jar;C:\Users\ADMIN\.m2\repository\org\antlr\antlr-runtime\3.4\antlr-runtime-3.4.jar;C:\Users\ADMIN\.m2\repository\org\antlr\stringtemplate\3.2.1\stringtemplate-3.2.1.jar;C:\Users\ADMIN\.m2\repository\antlr\antlr\2.7.7\antlr-2.7.7.jar;C:\Users\ADMIN\.m2\repository\com\google\code\gson\gson\2.8.7\gson-2.8.7.jar;C:\Users\ADMIN\.m2\repository\org\apache\commons\commons-math\2.2\commons-math-2.2.jar;C:\Users\ADMIN\.m2\repository\com\thoughtworks\xstream\xstream\1.4.14\xstream-1.4.14.jar;C:\Users\ADMIN\.m2\repository\xmlpull\xmlpull\1.1.3.1\xmlpull-1.1.3.1.jar;C:\Users\ADMIN\.m2\repository\xpp3\xpp3_min\1.1.4c\xpp3_min-1.1.4c.jar;C:\Users\ADMIN\.m2\repository\javax\ws\rs\jsr311-api\1.1.1\jsr311-api-1.1.1.jar;C:\Users\ADMIN\.m2\repository\com\netflix\servo\servo-core\0.12.21\servo-core-0.12.21.jar;C:\Users\ADMIN\.m2\repository\org\apache\httpcomponents\httpclient\4.5.13\httpclient-4.5.13.jar;C:\Users\ADMIN\.m2\repository\org\apache\httpcomponents\httpcore\4.4.14\httpcore-4.4.14.jar;C:\Users\ADMIN\.m2\repository\commons-codec\commons-codec\1.15\commons-codec-1.15.jar;C:\Users\ADMIN\.m2\repository\commons-configuration\commons-configuration\1.10\commons-configuration-1.10.jar;C:\Users\ADMIN\.m2\repository\commons-lang\commons-lang\2.6\commons-lang-2.6.jar;C:\Users\ADMIN\.m2\repository\com\google\inject\guice\4.1.0\guice-4.1.0.jar;C:\Users\ADMIN\.m2\repository\javax\inject\javax.inject\1\javax.inject-1.jar;C:\Users\ADMIN\.m2\repository\aopalliance\aopalliance\1.0\aopalliance-1.0.jar;C:\Users\ADMIN\.m2\repository\com\fasterxml\jackson\core\jackson-core\2.12.4\jackson-core-2.12.4.jar;C:\Users\ADMIN\.m2\repository\org\codehaus\jettison\jettison\1.4.0\jettison-1.4.0.jar;C:\Users\ADMIN\.m2\repository\com\netflix\eureka\eureka-core\1.10.11\eureka-core-1.10.11.jar;C:\Users\ADMIN\.m2\repository\com\fasterxml\woodstox\woodstox-core\5.3.0\woodstox-core-5.3.0.jar;C:\Users\ADMIN\.m2\repository\org\codehaus\woodstox\stax2-api\4.2\stax2-api-4.2.jar;C:\Users\ADMIN\.m2\repository\org\springframework\cloud\spring-cloud-starter-loadbalancer\3.0.2\spring-cloud-starter-loadbalancer-3.0.2.jar;C:\Users\ADMIN\.m2\repository\org\springframework\cloud\spring-cloud-loadbalancer\3.0.2\spring-cloud-loadbalancer-3.0.2.jar;C:\Users\ADMIN\.m2\repository\org\springframework\boot\spring-boot-starter-validation\2.5.4\spring-boot-starter-validation-2.5.4.jar;C:\Users\ADMIN\.m2\repository\org\hibernate\validator\hibernate-validator\6.2.0.Final\hibernate-validator-6.2.0.Final.jar;C:\Users\ADMIN\.m2\repository\jakarta\validation\jakarta.validation-api\2.0.2\jakarta.validation-api-2.0.2.jar;C:\Users\ADMIN\.m2\repository\org\jboss\logging\jboss-logging\3.4.2.Final\jboss-logging-3.4.2.Final.jar;C:\Users\ADMIN\.m2\repository\io\projectreactor\reactor-core\3.4.9\reactor-core-3.4.9.jar;C:\Users\ADMIN\.m2\repository\org\reactivestreams\reactive-streams\1.0.3\reactive-streams-1.0.3.jar;C:\Users\ADMIN\.m2\repository\io\projectreactor\addons\reactor-extra\3.4.4\reactor-extra-3.4.4.jar;C:\Users\ADMIN\.m2\repository\org\springframework\boot\spring-boot-starter-cache\2.5.4\spring-boot-starter-cache-2.5.4.jar;C:\Users\ADMIN\.m2\repository\org\springframework\spring-context-support\5.3.9\spring-context-support-5.3.9.jar;C:\Users\ADMIN\.m2\repository\com\stoyanr\evictor\1.0.0\evictor-1.0.0.jar;C:\Users\ADMIN\.m2\repository\net\bytebuddy\byte-buddy\1.10.22\byte-buddy-1.10.22.jar;C:\Users\ADMIN\.m2\repository\org\springframework\spring-core\5.3.9\spring-core-5.3.9.jar;C:\Users\ADMIN\.m2\repository\org\springframework\spring-jcl\5.3.9\spring-jcl-5.3.9.jar
Launcher Type: SUN_STANDARD

[Global flags]
     intx CICompilerCount                          = 3                                         {product} {ergonomic}
     uint ConcGCThreads                            = 1                                         {product} {ergonomic}
     uint G1ConcRefinementThreads                  = 4                                         {product} {ergonomic}
   size_t G1HeapRegionSize                         = 1048576                                   {product} {ergonomic}
    uintx GCDrainStackTargetSize                   = 64                                        {product} {ergonomic}
   size_t InitialHeapSize                          = 65011712                                  {product} {ergonomic}
   size_t MarkStackSize                            = 4194304                                   {product} {ergonomic}
   size_t MaxHeapSize                              = 1017118720                                {product} {ergonomic}
   size_t MaxNewSize                               = 610271232                                 {product} {ergonomic}
   size_t MinHeapDeltaBytes                        = 1048576                                   {product} {ergonomic}
   size_t MinHeapSize                              = 8388608                                   {product} {ergonomic}
    uintx NonNMethodCodeHeapSize                   = 5832780                                {pd product} {ergonomic}
    uintx NonProfiledCodeHeapSize                  = 122912730                              {pd product} {ergonomic}
    uintx ProfiledCodeHeapSize                     = 122912730                              {pd product} {ergonomic}
    uintx ReservedCodeCacheSize                    = 251658240                              {pd product} {ergonomic}
     bool SegmentedCodeCache                       = true                                      {product} {ergonomic}
   size_t SoftMaxHeapSize                          = 1017118720                             {manageable} {ergonomic}
     bool UseCompressedClassPointers               = true                           {product lp64_product} {ergonomic}
     bool UseCompressedOops                        = true                           {product lp64_product} {ergonomic}
     bool UseG1GC                                  = true                                      {product} {ergonomic}
     bool UseLargePagesIndividualAllocation        = false                                  {pd product} {ergonomic}

Logging:
Log output configuration:
 #0: stdout all=warning uptime,level,tags foldmultilines=false
 #1: stderr all=off uptime,level,tags foldmultilines=false

Environment Variables:
PATH=C:\Program Files\Common Files\Oracle\Java\javapath;C:\WINDOWS\system32;C:\WINDOWS;C:\WINDOWS\System32\Wbem;C:\WINDOWS\System32\WindowsPowerShell\v1.0\;C:\WINDOWS\System32\OpenSSH\;C:\Program Files\Git\cmd;C:\Program Files\nodejs\;C:\Users\ADMIN\AppData\Local\Microsoft\WindowsApps;;C:\Program Files\JetBrains\IntelliJ IDEA Community Edition 2022.2\bin;;C:\Users\ADMIN\AppData\Roaming\npm;C:\Users\ADMIN\AppData\Local\Programs\Microsoft VS Code\bin
USERNAME=ADMIN
OS=Windows_NT
PROCESSOR_IDENTIFIER=Intel64 Family 6 Model 126 Stepping 5, GenuineIntel



---------------  S Y S T E M  ---------------

OS:
 Windows 11 , 64 bit Build 22000 (10.0.22000.708)
OS uptime: 6 days 23:19 hours

CPU: total 4 (initial active 4) (2 cores per cpu, 2 threads per core) family 6 model 126 stepping 5 microcode 0xa0, cx8, cmov, fxsr, ht, mmx, 3dnowpref, sse, sse2, sse3, ssse3, sse4.1, sse4.2, popcnt, lzcnt, tsc, tscinvbit, avx, avx2, aes, erms, clmul, bmi1, bmi2, adx, avx512f, avx512dq, avx512cd, avx512bw, avx512vl, sha, fma, vzeroupper, avx512_vpopcntdq, avx512_vpclmulqdq, avx512_vaes, avx512_vnni, clflush, clflushopt, avx512_vbmi2, avx512_vbmi

Memory: 4k page, system-wide physical 3877M (21M free)
TotalPageFile size 15653M (AvailPageFile size 258M)
current process WorkingSet (physical memory assigned to process): 35M, peak: 213M
current process commit charge ("private bytes"): 249M, peak: 265M

vm_info: OpenJDK 64-Bit Server VM (18.0.2.1+1-1) for windows-amd64 JRE (18.0.2.1+1-1), built on Aug 16 2022 01:44:29 by "mach5one" with MS VC++ 16.8 / 16.9 (VS2019)

END.
